[10-Oct-2021 04:33:07 UTC] PHP Warning:  session_start(): open(var/tmp/sess_df259fcaf16c8381c75f553092909ec8, O_RDWR) failed: No such file or directory (2) in /Applications/MAMP/htdocs/rakusyu_app_mac/rakusyu_app/php_sheet/function.php on line 61
[10-Oct-2021 04:33:07 UTC] PHP Warning:  session_start(): Failed to read session data: files (path: var/tmp) in /Applications/MAMP/htdocs/rakusyu_app_mac/rakusyu_app/php_sheet/function.php on line 61
[10-Oct-2021 04:33:07 UTC] PHP Warning:  session_regenerate_id(): Cannot regenerate session id - session is not active in /Applications/MAMP/htdocs/rakusyu_app_mac/rakusyu_app/php_sheet/function.php on line 62
[10-Oct-2021 04:33:07 UTC] PHP Fatal error:  Uncaught Error: Class 'PHP\Framework\TestCase' not found in /Applications/MAMP/htdocs/rakusyu_app_mac/rakusyu_app/tests/function_test.php:5
Stack trace:
#0 phar:///usr/local/Cellar/phpunit/9.5.10/bin/phpunit/phpunit/Util/FileLoader.php(56): include_once()
#1 phar:///usr/local/Cellar/phpunit/9.5.10/bin/phpunit/phpunit/Util/FileLoader.php(43): PHPUnit\Util\FileLoader::load('/Applications/M...')
#2 phar:///usr/local/Cellar/phpunit/9.5.10/bin/phpunit/phpunit/Runner/StandardTestSuiteLoader.php(43): PHPUnit\Util\FileLoader::checkAndLoad('/Applications/M...')
#3 phar:///usr/local/Cellar/phpunit/9.5.10/bin/phpunit/phpunit/Runner/BaseTestRunner.php(117): PHPUnit\Runner\StandardTestSuiteLoader->load('/Applications/M...')
#4 phar:///usr/local/Cellar/phpunit/9.5.10/bin/phpunit/phpunit/Runner/BaseTestRunner.php(94): PHPUnit\Runner\BaseTestRunner->loadSuiteClass('/Applications/M...')
#5 phar:///usr/local/Cellar/phpunit/9.5.10/bin/phpunit/phpunit/TextUI/Command.php(108): PHPUnit\Runner\BaseTestRunner->getTest('/Applications in phar:///usr/local/Cellar/phpunit/9.5.10/bin/phpunit/phpunit/TextUI/Command.php on line 95
[10-Oct-2021 04:36:08 UTC] PHP Warning:  session_start(): open(var/tmp/sess_618ce3178ddabc032fa496071ae16cd7, O_RDWR) failed: No such file or directory (2) in /Applications/MAMP/htdocs/rakusyu_app_mac/rakusyu_app/php_sheet/function.php on line 61
[10-Oct-2021 04:36:08 UTC] PHP Warning:  session_start(): Failed to read session data: files (path: var/tmp) in /Applications/MAMP/htdocs/rakusyu_app_mac/rakusyu_app/php_sheet/function.php on line 61
[10-Oct-2021 04:36:08 UTC] PHP Warning:  session_regenerate_id(): Cannot regenerate session id - session is not active in /Applications/MAMP/htdocs/rakusyu_app_mac/rakusyu_app/php_sheet/function.php on line 62
[10-Oct-2021 04:36:08 UTC] PHP Fatal error:  Uncaught Error: Class 'PHP\Framework\TestCase' not found in /Applications/MAMP/htdocs/rakusyu_app_mac/rakusyu_app/tests/function_test.php:5
Stack trace:
#0 phar:///usr/local/Cellar/phpunit/9.5.10/bin/phpunit/phpunit/Util/FileLoader.php(56): include_once()
#1 phar:///usr/local/Cellar/phpunit/9.5.10/bin/phpunit/phpunit/Util/FileLoader.php(43): PHPUnit\Util\FileLoader::load('/Applications/M...')
#2 phar:///usr/local/Cellar/phpunit/9.5.10/bin/phpunit/phpunit/Runner/StandardTestSuiteLoader.php(43): PHPUnit\Util\FileLoader::checkAndLoad('/Applications/M...')
#3 phar:///usr/local/Cellar/phpunit/9.5.10/bin/phpunit/phpunit/Runner/BaseTestRunner.php(117): PHPUnit\Runner\StandardTestSuiteLoader->load('/Applications/M...')
#4 phar:///usr/local/Cellar/phpunit/9.5.10/bin/phpunit/phpunit/Runner/BaseTestRunner.php(94): PHPUnit\Runner\BaseTestRunner->loadSuiteClass('/Applications/M...')
#5 phar:///usr/local/Cellar/phpunit/9.5.10/bin/phpunit/phpunit/TextUI/Command.php(108): PHPUnit\Runner\BaseTestRunner->getTest('/Applications in phar:///usr/local/Cellar/phpunit/9.5.10/bin/phpunit/phpunit/TextUI/Command.php on line 95
[10-Oct-2021 04:39:27 UTC] PHP Warning:  session_start(): open(var/tmp/sess_d40dcfc71a66d13575e8287dda1104b2, O_RDWR) failed: No such file or directory (2) in /Applications/MAMP/htdocs/rakusyu_app_mac/rakusyu_app/php_sheet/function.php on line 61
[10-Oct-2021 04:39:27 UTC] PHP Warning:  session_start(): Failed to read session data: files (path: var/tmp) in /Applications/MAMP/htdocs/rakusyu_app_mac/rakusyu_app/php_sheet/function.php on line 61
[10-Oct-2021 04:39:27 UTC] PHP Warning:  session_regenerate_id(): Cannot regenerate session id - session is not active in /Applications/MAMP/htdocs/rakusyu_app_mac/rakusyu_app/php_sheet/function.php on line 62
[10-Oct-2021 04:39:27 UTC] PHP Fatal error:  Uncaught Error: Class 'PHP\Framework\TestCase' not found in /Applications/MAMP/htdocs/rakusyu_app_mac/rakusyu_app/tests/function_test.php:5
Stack trace:
#0 phar:///usr/local/Cellar/phpunit/9.5.10/bin/phpunit/phpunit/Util/FileLoader.php(56): include_once()
#1 phar:///usr/local/Cellar/phpunit/9.5.10/bin/phpunit/phpunit/Util/FileLoader.php(43): PHPUnit\Util\FileLoader::load('/Applications/M...')
#2 phar:///usr/local/Cellar/phpunit/9.5.10/bin/phpunit/phpunit/Runner/StandardTestSuiteLoader.php(43): PHPUnit\Util\FileLoader::checkAndLoad('/Applications/M...')
#3 phar:///usr/local/Cellar/phpunit/9.5.10/bin/phpunit/phpunit/Runner/BaseTestRunner.php(117): PHPUnit\Runner\StandardTestSuiteLoader->load('/Applications/M...')
#4 phar:///usr/local/Cellar/phpunit/9.5.10/bin/phpunit/phpunit/Runner/BaseTestRunner.php(94): PHPUnit\Runner\BaseTestRunner->loadSuiteClass('/Applications/M...')
#5 phar:///usr/local/Cellar/phpunit/9.5.10/bin/phpunit/phpunit/TextUI/Command.php(108): PHPUnit\Runner\BaseTestRunner->getTest('/Applications in phar:///usr/local/Cellar/phpunit/9.5.10/bin/phpunit/phpunit/TextUI/Command.php on line 95
[10-Oct-2021 04:40:19 UTC] PHP Warning:  session_start(): open(var/tmp/sess_3d7d52248a97d20214ed048d193977b6, O_RDWR) failed: No such file or directory (2) in /Applications/MAMP/htdocs/rakusyu_app_mac/rakusyu_app/php_sheet/function.php on line 61
[10-Oct-2021 04:40:19 UTC] PHP Warning:  session_start(): Failed to read session data: files (path: var/tmp) in /Applications/MAMP/htdocs/rakusyu_app_mac/rakusyu_app/php_sheet/function.php on line 61
[10-Oct-2021 04:40:19 UTC] PHP Warning:  session_regenerate_id(): Cannot regenerate session id - session is not active in /Applications/MAMP/htdocs/rakusyu_app_mac/rakusyu_app/php_sheet/function.php on line 62
[10-Oct-2021 04:40:19 UTC] PHP Fatal error:  Uncaught Error: Class 'PHP\Framework\TestCase' not found in /Applications/MAMP/htdocs/rakusyu_app_mac/rakusyu_app/tests/function_test.php:5
Stack trace:
#0 phar:///usr/local/Cellar/phpunit/9.5.10/bin/phpunit/phpunit/Util/FileLoader.php(56): include_once()
#1 phar:///usr/local/Cellar/phpunit/9.5.10/bin/phpunit/phpunit/Util/FileLoader.php(43): PHPUnit\Util\FileLoader::load('/Applications/M...')
#2 phar:///usr/local/Cellar/phpunit/9.5.10/bin/phpunit/phpunit/Runner/StandardTestSuiteLoader.php(43): PHPUnit\Util\FileLoader::checkAndLoad('/Applications/M...')
#3 phar:///usr/local/Cellar/phpunit/9.5.10/bin/phpunit/phpunit/Runner/BaseTestRunner.php(117): PHPUnit\Runner\StandardTestSuiteLoader->load('/Applications/M...')
#4 phar:///usr/local/Cellar/phpunit/9.5.10/bin/phpunit/phpunit/Runner/BaseTestRunner.php(94): PHPUnit\Runner\BaseTestRunner->loadSuiteClass('/Applications/M...')
#5 phar:///usr/local/Cellar/phpunit/9.5.10/bin/phpunit/phpunit/TextUI/Command.php(108): PHPUnit\Runner\BaseTestRunner->getTest('/Applications in phar:///usr/local/Cellar/phpunit/9.5.10/bin/phpunit/phpunit/TextUI/Command.php on line 95
[10-Oct-2021 05:40:57 UTC] PHP Warning:  session_start(): open(var/tmp/sess_04ef7bf3eb5871fd742f67d8b4fb4966, O_RDWR) failed: No such file or directory (2) in /Applications/MAMP/htdocs/rakusyu_app_mac/rakusyu_app/php_sheet/function.php on line 61
[10-Oct-2021 05:40:57 UTC] PHP Warning:  session_start(): Failed to read session data: files (path: var/tmp) in /Applications/MAMP/htdocs/rakusyu_app_mac/rakusyu_app/php_sheet/function.php on line 61
[10-Oct-2021 05:40:57 UTC] PHP Warning:  session_regenerate_id(): Cannot regenerate session id - session is not active in /Applications/MAMP/htdocs/rakusyu_app_mac/rakusyu_app/php_sheet/function.php on line 62
[10-Oct-2021 05:41:09 UTC] PHP Warning:  session_start(): open(var/tmp/sess_f95c8ab58e4926ceabc010c05d6811a8, O_RDWR) failed: No such file or directory (2) in /Applications/MAMP/htdocs/rakusyu_app_mac/rakusyu_app/php_sheet/function.php on line 61
[10-Oct-2021 05:41:09 UTC] PHP Warning:  session_start(): Failed to read session data: files (path: var/tmp) in /Applications/MAMP/htdocs/rakusyu_app_mac/rakusyu_app/php_sheet/function.php on line 61
[10-Oct-2021 05:41:09 UTC] PHP Warning:  session_regenerate_id(): Cannot regenerate session id - session is not active in /Applications/MAMP/htdocs/rakusyu_app_mac/rakusyu_app/php_sheet/function.php on line 62
[10-Oct-2021 05:56:03 UTC] PHP Warning:  session_start(): open(var/tmp/sess_e6e8fbbde8ae3768cdc3263114878081, O_RDWR) failed: No such file or directory (2) in /Applications/MAMP/htdocs/rakusyu_app_mac/rakusyu_app/php_sheet/function.php on line 61
[10-Oct-2021 05:56:03 UTC] PHP Warning:  session_start(): Failed to read session data: files (path: var/tmp) in /Applications/MAMP/htdocs/rakusyu_app_mac/rakusyu_app/php_sheet/function.php on line 61
[10-Oct-2021 05:56:03 UTC] PHP Warning:  session_regenerate_id(): Cannot regenerate session id - session is not active in /Applications/MAMP/htdocs/rakusyu_app_mac/rakusyu_app/php_sheet/function.php on line 62
[10-Oct-2021 08:42:05 UTC] PHP Warning:  session_start(): open(var/tmp/sess_7dec8fd4830ef762e70cfc8803ad6fc5, O_RDWR) failed: No such file or directory (2) in /Applications/MAMP/htdocs/rakusyu_app_mac/rakusyu_app/php_sheet/function.php on line 61
[10-Oct-2021 08:42:05 UTC] PHP Warning:  session_start(): Failed to read session data: files (path: var/tmp) in /Applications/MAMP/htdocs/rakusyu_app_mac/rakusyu_app/php_sheet/function.php on line 61
[10-Oct-2021 08:42:05 UTC] PHP Warning:  session_regenerate_id(): Cannot regenerate session id - session is not active in /Applications/MAMP/htdocs/rakusyu_app_mac/rakusyu_app/php_sheet/function.php on line 62
[10-Oct-2021 08:44:05 UTC] PHP Warning:  session_start(): open(var/tmp/sess_ca07adcafca625a1f19505cb95654334, O_RDWR) failed: No such file or directory (2) in /Applications/MAMP/htdocs/rakusyu_app_mac/rakusyu_app/php_sheet/function.php on line 61
[10-Oct-2021 08:44:05 UTC] PHP Warning:  session_start(): Failed to read session data: files (path: var/tmp) in /Applications/MAMP/htdocs/rakusyu_app_mac/rakusyu_app/php_sheet/function.php on line 61
[10-Oct-2021 08:44:05 UTC] PHP Warning:  session_regenerate_id(): Cannot regenerate session id - session is not active in /Applications/MAMP/htdocs/rakusyu_app_mac/rakusyu_app/php_sheet/function.php on line 62
[10-Oct-2021 08:44:45 UTC] PHP Warning:  session_start(): open(var/tmp/sess_23e65d76f0287fdd9520022b525bf414, O_RDWR) failed: No such file or directory (2) in /Applications/MAMP/htdocs/rakusyu_app_mac/rakusyu_app/php_sheet/function.php on line 61
[10-Oct-2021 08:44:45 UTC] PHP Warning:  session_start(): Failed to read session data: files (path: var/tmp) in /Applications/MAMP/htdocs/rakusyu_app_mac/rakusyu_app/php_sheet/function.php on line 61
[10-Oct-2021 08:44:45 UTC] PHP Warning:  session_regenerate_id(): Cannot regenerate session id - session is not active in /Applications/MAMP/htdocs/rakusyu_app_mac/rakusyu_app/php_sheet/function.php on line 62
[10-Oct-2021 08:46:18 UTC] PHP Warning:  session_start(): open(var/tmp/sess_236cb8ea2ba30a04eacdfd47634df4a3, O_RDWR) failed: No such file or directory (2) in /Applications/MAMP/htdocs/rakusyu_app_mac/rakusyu_app/php_sheet/function.php on line 61
[10-Oct-2021 08:46:18 UTC] PHP Warning:  session_start(): Failed to read session data: files (path: var/tmp) in /Applications/MAMP/htdocs/rakusyu_app_mac/rakusyu_app/php_sheet/function.php on line 61
[10-Oct-2021 08:46:18 UTC] PHP Warning:  session_regenerate_id(): Cannot regenerate session id - session is not active in /Applications/MAMP/htdocs/rakusyu_app_mac/rakusyu_app/php_sheet/function.php on line 62
[10-Oct-2021 08:46:40 UTC] PHP Warning:  session_start(): open(var/tmp/sess_608d13b205e19bdfb5758bc95c800d59, O_RDWR) failed: No such file or directory (2) in /Applications/MAMP/htdocs/rakusyu_app_mac/rakusyu_app/php_sheet/function.php on line 61
[10-Oct-2021 08:46:40 UTC] PHP Warning:  session_start(): Failed to read session data: files (path: var/tmp) in /Applications/MAMP/htdocs/rakusyu_app_mac/rakusyu_app/php_sheet/function.php on line 61
[10-Oct-2021 08:46:40 UTC] PHP Warning:  session_regenerate_id(): Cannot regenerate session id - session is not active in /Applications/MAMP/htdocs/rakusyu_app_mac/rakusyu_app/php_sheet/function.php on line 62
[10-Oct-2021 08:47:44 UTC] PHP Warning:  session_start(): open(var/tmp/sess_3da47e67a5869d271695ffcd2d9a8a97, O_RDWR) failed: No such file or directory (2) in /Applications/MAMP/htdocs/rakusyu_app_mac/rakusyu_app/php_sheet/function.php on line 61
[10-Oct-2021 08:47:44 UTC] PHP Warning:  session_start(): Failed to read session data: files (path: var/tmp) in /Applications/MAMP/htdocs/rakusyu_app_mac/rakusyu_app/php_sheet/function.php on line 61
[10-Oct-2021 08:47:44 UTC] PHP Warning:  session_regenerate_id(): Cannot regenerate session id - session is not active in /Applications/MAMP/htdocs/rakusyu_app_mac/rakusyu_app/php_sheet/function.php on line 62
[10-Oct-2021 08:48:56 UTC] PHP Warning:  session_start(): open(var/tmp/sess_b29c8630df2e5994b2394dadd98842ac, O_RDWR) failed: No such file or directory (2) in /Applications/MAMP/htdocs/rakusyu_app_mac/rakusyu_app/php_sheet/function.php on line 61
[10-Oct-2021 08:48:56 UTC] PHP Warning:  session_start(): Failed to read session data: files (path: var/tmp) in /Applications/MAMP/htdocs/rakusyu_app_mac/rakusyu_app/php_sheet/function.php on line 61
[10-Oct-2021 08:48:56 UTC] PHP Warning:  session_regenerate_id(): Cannot regenerate session id - session is not active in /Applications/MAMP/htdocs/rakusyu_app_mac/rakusyu_app/php_sheet/function.php on line 62
[10-Oct-2021 08:50:50 UTC] PHP Warning:  session_start(): open(var/tmp/sess_a9360003098cc487127f508fa08f17bc, O_RDWR) failed: No such file or directory (2) in /Applications/MAMP/htdocs/rakusyu_app_mac/rakusyu_app/php_sheet/function.php on line 61
[10-Oct-2021 08:50:50 UTC] PHP Warning:  session_start(): Failed to read session data: files (path: var/tmp) in /Applications/MAMP/htdocs/rakusyu_app_mac/rakusyu_app/php_sheet/function.php on line 61
[10-Oct-2021 08:50:50 UTC] PHP Warning:  session_regenerate_id(): Cannot regenerate session id - session is not active in /Applications/MAMP/htdocs/rakusyu_app_mac/rakusyu_app/php_sheet/function.php on line 62
[10-Oct-2021 08:51:39 UTC] PHP Warning:  session_start(): open(var/tmp/sess_8b4d1562f232ae0483fcd5f85145fc3d, O_RDWR) failed: No such file or directory (2) in /Applications/MAMP/htdocs/rakusyu_app_mac/rakusyu_app/php_sheet/function.php on line 61
[10-Oct-2021 08:51:39 UTC] PHP Warning:  session_start(): Failed to read session data: files (path: var/tmp) in /Applications/MAMP/htdocs/rakusyu_app_mac/rakusyu_app/php_sheet/function.php on line 61
[10-Oct-2021 08:51:39 UTC] PHP Warning:  session_regenerate_id(): Cannot regenerate session id - session is not active in /Applications/MAMP/htdocs/rakusyu_app_mac/rakusyu_app/php_sheet/function.php on line 62
[10-Oct-2021 08:52:31 UTC] PHP Warning:  session_start(): open(var/tmp/sess_d4e7a56e58c378752b2e3b5cd0bda1e1, O_RDWR) failed: No such file or directory (2) in /Applications/MAMP/htdocs/rakusyu_app_mac/rakusyu_app/php_sheet/function.php on line 61
[10-Oct-2021 08:52:31 UTC] PHP Warning:  session_start(): Failed to read session data: files (path: var/tmp) in /Applications/MAMP/htdocs/rakusyu_app_mac/rakusyu_app/php_sheet/function.php on line 61
[10-Oct-2021 08:52:31 UTC] PHP Warning:  session_regenerate_id(): Cannot regenerate session id - session is not active in /Applications/MAMP/htdocs/rakusyu_app_mac/rakusyu_app/php_sheet/function.php on line 62
[10-Oct-2021 08:52:48 UTC] PHP Warning:  session_start(): open(var/tmp/sess_6951216d6e5c72bca92e35154390c3fb, O_RDWR) failed: No such file or directory (2) in /Applications/MAMP/htdocs/rakusyu_app_mac/rakusyu_app/php_sheet/function.php on line 61
[10-Oct-2021 08:52:48 UTC] PHP Warning:  session_start(): Failed to read session data: files (path: var/tmp) in /Applications/MAMP/htdocs/rakusyu_app_mac/rakusyu_app/php_sheet/function.php on line 61
[10-Oct-2021 08:52:48 UTC] PHP Warning:  session_regenerate_id(): Cannot regenerate session id - session is not active in /Applications/MAMP/htdocs/rakusyu_app_mac/rakusyu_app/php_sheet/function.php on line 62
[10-Oct-2021 08:52:59 UTC] PHP Warning:  session_start(): open(var/tmp/sess_c11b10f0bf8b0a03b083d58490f798b2, O_RDWR) failed: No such file or directory (2) in /Applications/MAMP/htdocs/rakusyu_app_mac/rakusyu_app/php_sheet/function.php on line 61
[10-Oct-2021 08:52:59 UTC] PHP Warning:  session_start(): Failed to read session data: files (path: var/tmp) in /Applications/MAMP/htdocs/rakusyu_app_mac/rakusyu_app/php_sheet/function.php on line 61
[10-Oct-2021 08:52:59 UTC] PHP Warning:  session_regenerate_id(): Cannot regenerate session id - session is not active in /Applications/MAMP/htdocs/rakusyu_app_mac/rakusyu_app/php_sheet/function.php on line 62
[10-Oct-2021 08:53:29 UTC] PHP Warning:  session_start(): open(var/tmp/sess_a3589ee766e6299986c63f85f9af18e8, O_RDWR) failed: No such file or directory (2) in /Applications/MAMP/htdocs/rakusyu_app_mac/rakusyu_app/php_sheet/function.php on line 61
[10-Oct-2021 08:53:29 UTC] PHP Warning:  session_start(): Failed to read session data: files (path: var/tmp) in /Applications/MAMP/htdocs/rakusyu_app_mac/rakusyu_app/php_sheet/function.php on line 61
[10-Oct-2021 08:53:29 UTC] PHP Warning:  session_regenerate_id(): Cannot regenerate session id - session is not active in /Applications/MAMP/htdocs/rakusyu_app_mac/rakusyu_app/php_sheet/function.php on line 62
[10-Oct-2021 08:54:02 UTC] PHP Warning:  session_start(): open(var/tmp/sess_737a18a26dcfb80fcf7eb93563e5d670, O_RDWR) failed: No such file or directory (2) in /Applications/MAMP/htdocs/rakusyu_app_mac/rakusyu_app/php_sheet/function.php on line 61
[10-Oct-2021 08:54:02 UTC] PHP Warning:  session_start(): Failed to read session data: files (path: var/tmp) in /Applications/MAMP/htdocs/rakusyu_app_mac/rakusyu_app/php_sheet/function.php on line 61
[10-Oct-2021 08:54:02 UTC] PHP Warning:  session_regenerate_id(): Cannot regenerate session id - session is not active in /Applications/MAMP/htdocs/rakusyu_app_mac/rakusyu_app/php_sheet/function.php on line 62
[10-Oct-2021 08:56:46 UTC] PHP Warning:  session_start(): open(var/tmp/sess_ef058a0485c449a45cab14b3de428b41, O_RDWR) failed: No such file or directory (2) in /Applications/MAMP/htdocs/rakusyu_app_mac/rakusyu_app/php_sheet/function.php on line 61
[10-Oct-2021 08:56:46 UTC] PHP Warning:  session_start(): Failed to read session data: files (path: var/tmp) in /Applications/MAMP/htdocs/rakusyu_app_mac/rakusyu_app/php_sheet/function.php on line 61
[10-Oct-2021 08:56:46 UTC] PHP Warning:  session_regenerate_id(): Cannot regenerate session id - session is not active in /Applications/MAMP/htdocs/rakusyu_app_mac/rakusyu_app/php_sheet/function.php on line 62
[10-Oct-2021 08:57:28 UTC] PHP Warning:  session_start(): open(var/tmp/sess_09d224e5b6447e58821df0823bf1efbc, O_RDWR) failed: No such file or directory (2) in /Applications/MAMP/htdocs/rakusyu_app_mac/rakusyu_app/php_sheet/function.php on line 61
[10-Oct-2021 08:57:28 UTC] PHP Warning:  session_start(): Failed to read session data: files (path: var/tmp) in /Applications/MAMP/htdocs/rakusyu_app_mac/rakusyu_app/php_sheet/function.php on line 61
[10-Oct-2021 08:57:28 UTC] PHP Warning:  session_regenerate_id(): Cannot regenerate session id - session is not active in /Applications/MAMP/htdocs/rakusyu_app_mac/rakusyu_app/php_sheet/function.php on line 62
[10-Oct-2021 08:58:11 UTC] PHP Warning:  session_start(): open(var/tmp/sess_e8ff5582d68d2961917202a230642da8, O_RDWR) failed: No such file or directory (2) in /Applications/MAMP/htdocs/rakusyu_app_mac/rakusyu_app/php_sheet/function.php on line 61
[10-Oct-2021 08:58:11 UTC] PHP Warning:  session_start(): Failed to read session data: files (path: var/tmp) in /Applications/MAMP/htdocs/rakusyu_app_mac/rakusyu_app/php_sheet/function.php on line 61
[10-Oct-2021 08:58:11 UTC] PHP Warning:  session_regenerate_id(): Cannot regenerate session id - session is not active in /Applications/MAMP/htdocs/rakusyu_app_mac/rakusyu_app/php_sheet/function.php on line 62
[10-Oct-2021 08:58:26 UTC] PHP Warning:  session_start(): open(var/tmp/sess_8027a1268532252fecdc3d0118a680d2, O_RDWR) failed: No such file or directory (2) in /Applications/MAMP/htdocs/rakusyu_app_mac/rakusyu_app/php_sheet/function.php on line 61
[10-Oct-2021 08:58:26 UTC] PHP Warning:  session_start(): Failed to read session data: files (path: var/tmp) in /Applications/MAMP/htdocs/rakusyu_app_mac/rakusyu_app/php_sheet/function.php on line 61
[10-Oct-2021 08:58:26 UTC] PHP Warning:  session_regenerate_id(): Cannot regenerate session id - session is not active in /Applications/MAMP/htdocs/rakusyu_app_mac/rakusyu_app/php_sheet/function.php on line 62
[10-Oct-2021 09:01:35 UTC] PHP Warning:  session_start(): open(var/tmp/sess_ae2ad72c83fee0eaa325efb621e1563b, O_RDWR) failed: No such file or directory (2) in /Applications/MAMP/htdocs/rakusyu_app_mac/rakusyu_app/php_sheet/function.php on line 61
[10-Oct-2021 09:01:35 UTC] PHP Warning:  session_start(): Failed to read session data: files (path: var/tmp) in /Applications/MAMP/htdocs/rakusyu_app_mac/rakusyu_app/php_sheet/function.php on line 61
[10-Oct-2021 09:01:35 UTC] PHP Warning:  session_regenerate_id(): Cannot regenerate session id - session is not active in /Applications/MAMP/htdocs/rakusyu_app_mac/rakusyu_app/php_sheet/function.php on line 62
[10-Oct-2021 09:01:35 UTC] デバッグ：メールアドレス重複チェック関数
[10-Oct-2021 09:01:55 UTC] エラー発生：SQLSTATE[HY000] [2006] MySQL server has gone away
[10-Oct-2021 09:53:19 UTC] PHP Warning:  session_start(): open(var/tmp/sess_41758bbbd2885dc86a3a0c4c8f41bf73, O_RDWR) failed: No such file or directory (2) in /Applications/MAMP/htdocs/rakusyu_app_mac/rakusyu_app/php_sheet/function.php on line 61
[10-Oct-2021 09:53:19 UTC] PHP Warning:  session_start(): Failed to read session data: files (path: var/tmp) in /Applications/MAMP/htdocs/rakusyu_app_mac/rakusyu_app/php_sheet/function.php on line 61
[10-Oct-2021 09:53:19 UTC] PHP Warning:  session_regenerate_id(): Cannot regenerate session id - session is not active in /Applications/MAMP/htdocs/rakusyu_app_mac/rakusyu_app/php_sheet/function.php on line 62
[10-Oct-2021 09:53:19 UTC] デバッグ：メールアドレス重複チェック関数
[10-Oct-2021 09:53:39 UTC] エラー発生：SQLSTATE[HY000] [2006] MySQL server has gone away
[10-Oct-2021 09:53:59 UTC] エラー発生：SQLSTATE[HY000] [2006] MySQL server has gone away
[10-Oct-2021 09:54:31 UTC] PHP Warning:  session_start(): open(var/tmp/sess_9cf2be73c6ae0eccf15b383bce8bf7e9, O_RDWR) failed: No such file or directory (2) in /Applications/MAMP/htdocs/rakusyu_app_mac/rakusyu_app/php_sheet/function.php on line 61
[10-Oct-2021 09:54:31 UTC] PHP Warning:  session_start(): Failed to read session data: files (path: var/tmp) in /Applications/MAMP/htdocs/rakusyu_app_mac/rakusyu_app/php_sheet/function.php on line 61
[10-Oct-2021 09:54:31 UTC] PHP Warning:  session_regenerate_id(): Cannot regenerate session id - session is not active in /Applications/MAMP/htdocs/rakusyu_app_mac/rakusyu_app/php_sheet/function.php on line 62
[10-Oct-2021 09:54:31 UTC] デバッグ：メールアドレス重複チェック関数
[10-Oct-2021 09:54:51 UTC] エラー発生：SQLSTATE[HY000] [2006] MySQL server has gone away
[10-Oct-2021 09:55:11 UTC] エラー発生：SQLSTATE[HY000] [2006] MySQL server has gone away
