[10-Oct-2021 01:08:43 UTC] PHP Warning:  session_start(): open(var/tmp/sess_m509ga4n7gces6ecjutkbek85n, O_RDWR) failed: No such file or directory (2) in /Applications/MAMP/htdocs/rakusyu_app_mac/rakusyu_app/php_sheet/function.php on line 61
[10-Oct-2021 01:08:43 UTC] PHP Warning:  session_start(): Failed to read session data: files (path: var/tmp) in /Applications/MAMP/htdocs/rakusyu_app_mac/rakusyu_app/php_sheet/function.php on line 61
[10-Oct-2021 01:08:43 UTC] PHP Warning:  session_regenerate_id(): Cannot regenerate session id - session is not active in /Applications/MAMP/htdocs/rakusyu_app_mac/rakusyu_app/php_sheet/function.php on line 62
[10-Oct-2021 01:08:43 UTC] デバッグ：「「「「「「「「「「「「「「「「「「「「「「「「
[10-Oct-2021 01:08:43 UTC] デバッグ：ログインページ
[10-Oct-2021 01:08:43 UTC] デバッグ：「「「「「「「「「「「「「「「「「「「「「「「「
[10-Oct-2021 01:08:43 UTC] デバッグ：-------ログインチェック関数-----------
[10-Oct-2021 01:08:43 UTC] デバッグ：$_SESSIONの中身：Array
(
)

[10-Oct-2021 01:08:43 UTC] デバッグ：このユーザーはログインしていません
[10-Oct-2021 01:08:43 UTC] デバッグ：post送信があります
[10-Oct-2021 01:08:43 UTC] デバッグ：$_POST送信の中身：Array
(
    [email] => cat123@outlook.jp
    [pass] => cat123
)

[10-Oct-2021 01:08:43 UTC] デバッグ：バリデーションチェックOKです
[10-Oct-2021 01:08:43 UTC] エラー発生：SQLSTATE[HY000] [1045] Access denied for user 'root'@'localhost' (using password: NO)
[10-Oct-2021 01:08:43 UTC] デバッグ：$err_msgの中身：Array
(
    [common] => ネットワークエラーが発生しました。時間をおいてお試しください
)

[10-Oct-2021 01:09:02 UTC] デバッグ：「「「「「「「「「「「「「「「「「「「「「「「「
[10-Oct-2021 01:09:02 UTC] デバッグ：ログインページ
[10-Oct-2021 01:09:02 UTC] デバッグ：「「「「「「「「「「「「「「「「「「「「「「「「
[10-Oct-2021 01:09:02 UTC] デバッグ：-------ログインチェック関数-----------
[10-Oct-2021 01:09:02 UTC] デバッグ：$_SESSIONの中身：Array
(
)

[10-Oct-2021 01:09:02 UTC] デバッグ：このユーザーはログインしていません
[10-Oct-2021 01:09:02 UTC] デバッグ：post送信があります
[10-Oct-2021 01:09:02 UTC] デバッグ：$_POST送信の中身：Array
(
    [email] => cat123@outlook.jp
    [pass] => cat123
)

[10-Oct-2021 01:09:02 UTC] デバッグ：バリデーションチェックOKです
[10-Oct-2021 01:09:02 UTC] エラー発生：SQLSTATE[HY000] [1045] Access denied for user 'root'@'localhost' (using password: NO)
[10-Oct-2021 01:09:02 UTC] デバッグ：$err_msgの中身：Array
(
    [common] => ネットワークエラーが発生しました。時間をおいてお試しください
)

[10-Oct-2021 01:09:03 UTC] デバッグ：「「「「「「「「「「「「「「「「「「「「「「「「
[10-Oct-2021 01:09:03 UTC] デバッグ：ログインページ
[10-Oct-2021 01:09:03 UTC] デバッグ：「「「「「「「「「「「「「「「「「「「「「「「「
[10-Oct-2021 01:09:03 UTC] デバッグ：-------ログインチェック関数-----------
[10-Oct-2021 01:09:03 UTC] デバッグ：$_SESSIONの中身：Array
(
)

[10-Oct-2021 01:09:03 UTC] デバッグ：このユーザーはログインしていません
[10-Oct-2021 01:09:03 UTC] デバッグ：post送信があります
[10-Oct-2021 01:09:03 UTC] デバッグ：$_POST送信の中身：Array
(
    [email] => cat123@outlook.jp
    [pass] => cat123
)

[10-Oct-2021 01:09:03 UTC] デバッグ：バリデーションチェックOKです
[10-Oct-2021 01:09:03 UTC] エラー発生：SQLSTATE[HY000] [1045] Access denied for user 'root'@'localhost' (using password: NO)
[10-Oct-2021 01:09:03 UTC] デバッグ：$err_msgの中身：Array
(
    [common] => ネットワークエラーが発生しました。時間をおいてお試しください
)

[10-Oct-2021 01:09:37 UTC] デバッグ：「「「「「「「「「「「「「「「「「「「「「「「「
[10-Oct-2021 01:09:37 UTC] デバッグ：ログインページ
[10-Oct-2021 01:09:37 UTC] デバッグ：「「「「「「「「「「「「「「「「「「「「「「「「
[10-Oct-2021 01:09:37 UTC] デバッグ：-------ログインチェック関数-----------
[10-Oct-2021 01:09:37 UTC] デバッグ：$_SESSIONの中身：Array
(
)

[10-Oct-2021 01:09:37 UTC] デバッグ：このユーザーはログインしていません
[10-Oct-2021 01:09:37 UTC] デバッグ：post送信があります
[10-Oct-2021 01:09:37 UTC] デバッグ：$_POST送信の中身：Array
(
    [email] => cat123@outlook.jp
    [pass] => cat123
)

[10-Oct-2021 01:09:37 UTC] デバッグ：バリデーションチェックOKです
[10-Oct-2021 01:09:37 UTC] エラー発生：SQLSTATE[HY000] [1045] Access denied for user 'root'@'localhost' (using password: NO)
[10-Oct-2021 01:09:37 UTC] デバッグ：$err_msgの中身：Array
(
    [common] => ネットワークエラーが発生しました。時間をおいてお試しください
)

[10-Oct-2021 01:09:38 UTC] デバッグ：「「「「「「「「「「「「「「「「「「「「「「「「
[10-Oct-2021 01:09:38 UTC] デバッグ：ログインページ
[10-Oct-2021 01:09:38 UTC] デバッグ：「「「「「「「「「「「「「「「「「「「「「「「「
[10-Oct-2021 01:09:38 UTC] デバッグ：-------ログインチェック関数-----------
[10-Oct-2021 01:09:38 UTC] デバッグ：$_SESSIONの中身：Array
(
)

[10-Oct-2021 01:09:38 UTC] デバッグ：このユーザーはログインしていません
[10-Oct-2021 01:09:38 UTC] デバッグ：post送信があります
[10-Oct-2021 01:09:38 UTC] デバッグ：$_POST送信の中身：Array
(
    [email] => cat123@outlook.jp
    [pass] => cat123
)

[10-Oct-2021 01:09:38 UTC] デバッグ：バリデーションチェックOKです
[10-Oct-2021 01:09:38 UTC] エラー発生：SQLSTATE[HY000] [1045] Access denied for user 'root'@'localhost' (using password: NO)
[10-Oct-2021 01:09:38 UTC] デバッグ：$err_msgの中身：Array
(
    [common] => ネットワークエラーが発生しました。時間をおいてお試しください
)

[10-Oct-2021 01:10:52 UTC] デバッグ：「「「「「「「「「「「「「「「「「「「「「「「「
[10-Oct-2021 01:10:52 UTC] デバッグ：ログインページ
[10-Oct-2021 01:10:52 UTC] デバッグ：「「「「「「「「「「「「「「「「「「「「「「「「
[10-Oct-2021 01:10:52 UTC] デバッグ：-------ログインチェック関数-----------
[10-Oct-2021 01:10:52 UTC] デバッグ：$_SESSIONの中身：Array
(
)

[10-Oct-2021 01:10:52 UTC] デバッグ：このユーザーはログインしていません
[10-Oct-2021 01:11:02 UTC] デバッグ：「「「「「「「「「「「「「「「「「「「「「「「「
[10-Oct-2021 01:11:02 UTC] デバッグ：ログインページ
[10-Oct-2021 01:11:02 UTC] デバッグ：「「「「「「「「「「「「「「「「「「「「「「「「
[10-Oct-2021 01:11:02 UTC] デバッグ：-------ログインチェック関数-----------
[10-Oct-2021 01:11:02 UTC] デバッグ：$_SESSIONの中身：Array
(
)

[10-Oct-2021 01:11:02 UTC] デバッグ：このユーザーはログインしていません
[10-Oct-2021 01:11:02 UTC] デバッグ：post送信があります
[10-Oct-2021 01:11:02 UTC] デバッグ：$_POST送信の中身：Array
(
    [email] => cat123@outlook.jp
    [pass] => cat123
)

[10-Oct-2021 01:11:02 UTC] デバッグ：バリデーションチェックOKです
[10-Oct-2021 01:11:02 UTC] デバッグ：クエリ成功
[10-Oct-2021 01:11:02 UTC] デバッグ：成功したSQL：PDOStatement Object
(
    [queryString] => SELECT password,id FROM users WHERE email=:email AND delete_flg = 0
)

[10-Oct-2021 01:11:02 UTC] デバッグ：クエリ結果の中身：
[10-Oct-2021 01:11:02 UTC] デバッグ：$err_msgの中身：Array
(
    [pass] => メールアドレスまたはパスワードが間違っています
)

[10-Oct-2021 01:11:15 UTC] デバッグ：「「「「「「「「「「「「「「「「「「「「「「「「
[10-Oct-2021 01:11:15 UTC] デバッグ：ログインページ
[10-Oct-2021 01:11:15 UTC] デバッグ：「「「「「「「「「「「「「「「「「「「「「「「「
[10-Oct-2021 01:11:15 UTC] デバッグ：-------ログインチェック関数-----------
[10-Oct-2021 01:11:15 UTC] デバッグ：$_SESSIONの中身：Array
(
)

[10-Oct-2021 01:11:15 UTC] デバッグ：このユーザーはログインしていません
[10-Oct-2021 01:11:15 UTC] デバッグ：post送信があります
[10-Oct-2021 01:11:15 UTC] デバッグ：$_POST送信の中身：Array
(
    [email] => cat123@outlook.jp
    [pass] => cat123
)

[10-Oct-2021 01:11:15 UTC] デバッグ：バリデーションチェックOKです
[10-Oct-2021 01:11:15 UTC] デバッグ：クエリ成功
[10-Oct-2021 01:11:15 UTC] デバッグ：成功したSQL：PDOStatement Object
(
    [queryString] => SELECT password,id FROM users WHERE email=:email AND delete_flg = 0
)

[10-Oct-2021 01:11:15 UTC] デバッグ：クエリ結果の中身：
[10-Oct-2021 01:11:15 UTC] デバッグ：$err_msgの中身：Array
(
    [pass] => メールアドレスまたはパスワードが間違っています
)

[10-Oct-2021 01:11:26 UTC] デバッグ：「「「「「「「「「「「「「「「「「「「「「「「「
[10-Oct-2021 01:11:26 UTC] デバッグ：ログインページ
[10-Oct-2021 01:11:26 UTC] デバッグ：「「「「「「「「「「「「「「「「「「「「「「「「
[10-Oct-2021 01:11:26 UTC] デバッグ：-------ログインチェック関数-----------
[10-Oct-2021 01:11:26 UTC] デバッグ：$_SESSIONの中身：Array
(
)

[10-Oct-2021 01:11:26 UTC] デバッグ：このユーザーはログインしていません
[10-Oct-2021 01:11:26 UTC] デバッグ：post送信があります
[10-Oct-2021 01:11:26 UTC] デバッグ：$_POST送信の中身：Array
(
    [email] => fish123@outlook.jp
    [pass] => fish123
)

[10-Oct-2021 01:11:26 UTC] デバッグ：バリデーションチェックOKです
[10-Oct-2021 01:11:26 UTC] デバッグ：クエリ成功
[10-Oct-2021 01:11:26 UTC] デバッグ：成功したSQL：PDOStatement Object
(
    [queryString] => SELECT password,id FROM users WHERE email=:email AND delete_flg = 0
)

[10-Oct-2021 01:11:26 UTC] デバッグ：クエリ結果の中身：
[10-Oct-2021 01:11:26 UTC] デバッグ：$err_msgの中身：Array
(
    [pass] => メールアドレスまたはパスワードが間違っています
)

[10-Oct-2021 01:11:27 UTC] デバッグ：「「「「「「「「「「「「「「「「「「「「「「「「
[10-Oct-2021 01:11:27 UTC] デバッグ：ログインページ
[10-Oct-2021 01:11:27 UTC] デバッグ：「「「「「「「「「「「「「「「「「「「「「「「「
[10-Oct-2021 01:11:27 UTC] デバッグ：-------ログインチェック関数-----------
[10-Oct-2021 01:11:27 UTC] デバッグ：$_SESSIONの中身：Array
(
)

[10-Oct-2021 01:11:27 UTC] デバッグ：このユーザーはログインしていません
[10-Oct-2021 01:11:27 UTC] デバッグ：post送信があります
[10-Oct-2021 01:11:27 UTC] デバッグ：$_POST送信の中身：Array
(
    [email] => fish123@outlook.jp
    [pass] => fish123
)

[10-Oct-2021 01:11:27 UTC] デバッグ：バリデーションチェックOKです
[10-Oct-2021 01:11:27 UTC] デバッグ：クエリ成功
[10-Oct-2021 01:11:27 UTC] デバッグ：成功したSQL：PDOStatement Object
(
    [queryString] => SELECT password,id FROM users WHERE email=:email AND delete_flg = 0
)

[10-Oct-2021 01:11:27 UTC] デバッグ：クエリ結果の中身：
[10-Oct-2021 01:11:27 UTC] デバッグ：$err_msgの中身：Array
(
    [pass] => メールアドレスまたはパスワードが間違っています
)

[10-Oct-2021 01:11:52 UTC] デバッグ：「「「「「「「「「「「「「「「「「「「「「「「「
[10-Oct-2021 01:11:52 UTC] デバッグ： 会員登録ページ
[10-Oct-2021 01:11:52 UTC] デバッグ：「「「「「「「「「「「「「「「「「「「「「「「「
[10-Oct-2021 01:12:01 UTC] デバッグ：「「「「「「「「「「「「「「「「「「「「「「「「
[10-Oct-2021 01:12:01 UTC] デバッグ： 会員登録ページ
[10-Oct-2021 01:12:01 UTC] デバッグ：「「「「「「「「「「「「「「「「「「「「「「「「
[10-Oct-2021 01:12:01 UTC] デバッグ：post送信があります
[10-Oct-2021 01:12:01 UTC] デバッグ：$_POST送信の中身：Array
(
    [email] => red@outlook.jp
    [pass] => red123
    [retype_pass] => red123
)

[10-Oct-2021 01:12:01 UTC] デバッグ：メールアドレス重複チェック関数
[10-Oct-2021 01:12:01 UTC] デバッグ：クエリ成功
[10-Oct-2021 01:12:01 UTC] デバッグ：成功したSQL：PDOStatement Object
(
    [queryString] => SELECT id FROM users WHERE email = :email AND delete_flg=0
)

[10-Oct-2021 01:12:01 UTC] デバッグ：バリデーションチェックOKです
[10-Oct-2021 01:12:01 UTC] エラー発生：SQLSTATE[HY000]: General error: 1364 Field 'name' doesn't have a default value
[10-Oct-2021 01:15:48 UTC] デバッグ：「「「「「「「「「「「「「「「「「「「「「「「「
[10-Oct-2021 01:15:48 UTC] デバッグ： 会員登録ページ
[10-Oct-2021 01:15:48 UTC] デバッグ：「「「「「「「「「「「「「「「「「「「「「「「「
[10-Oct-2021 01:15:48 UTC] デバッグ：post送信があります
[10-Oct-2021 01:15:48 UTC] デバッグ：$_POST送信の中身：Array
(
    [email] => red@outlook.jp
    [pass] => red123
    [retype_pass] => red123
)

[10-Oct-2021 01:15:48 UTC] デバッグ：メールアドレス重複チェック関数
[10-Oct-2021 01:15:48 UTC] デバッグ：クエリ成功
[10-Oct-2021 01:15:48 UTC] デバッグ：成功したSQL：PDOStatement Object
(
    [queryString] => SELECT id FROM users WHERE email = :email AND delete_flg=0
)

[10-Oct-2021 01:15:48 UTC] デバッグ：バリデーションチェックOKです
[10-Oct-2021 01:15:48 UTC] エラー発生：SQLSTATE[HY000]: General error: 1364 Field 'job' doesn't have a default value
[10-Oct-2021 01:15:49 UTC] デバッグ：「「「「「「「「「「「「「「「「「「「「「「「「
[10-Oct-2021 01:15:49 UTC] デバッグ： 会員登録ページ
[10-Oct-2021 01:15:49 UTC] デバッグ：「「「「「「「「「「「「「「「「「「「「「「「「
[10-Oct-2021 01:15:49 UTC] デバッグ：post送信があります
[10-Oct-2021 01:15:49 UTC] デバッグ：$_POST送信の中身：Array
(
    [email] => red@outlook.jp
    [pass] => red123
    [retype_pass] => red123
)

[10-Oct-2021 01:15:49 UTC] デバッグ：メールアドレス重複チェック関数
[10-Oct-2021 01:15:49 UTC] デバッグ：クエリ成功
[10-Oct-2021 01:15:49 UTC] デバッグ：成功したSQL：PDOStatement Object
(
    [queryString] => SELECT id FROM users WHERE email = :email AND delete_flg=0
)

[10-Oct-2021 01:15:49 UTC] デバッグ：バリデーションチェックOKです
[10-Oct-2021 01:15:49 UTC] エラー発生：SQLSTATE[HY000]: General error: 1364 Field 'job' doesn't have a default value
[10-Oct-2021 01:16:18 UTC] デバッグ：「「「「「「「「「「「「「「「「「「「「「「「「
[10-Oct-2021 01:16:18 UTC] デバッグ： 会員登録ページ
[10-Oct-2021 01:16:18 UTC] デバッグ：「「「「「「「「「「「「「「「「「「「「「「「「
[10-Oct-2021 01:16:18 UTC] デバッグ：post送信があります
[10-Oct-2021 01:16:18 UTC] デバッグ：$_POST送信の中身：Array
(
    [email] => red@outlook.jp
    [pass] => red123
    [retype_pass] => red123
)

[10-Oct-2021 01:16:18 UTC] デバッグ：メールアドレス重複チェック関数
[10-Oct-2021 01:16:18 UTC] デバッグ：クエリ成功
[10-Oct-2021 01:16:18 UTC] デバッグ：成功したSQL：PDOStatement Object
(
    [queryString] => SELECT id FROM users WHERE email = :email AND delete_flg=0
)

[10-Oct-2021 01:16:18 UTC] デバッグ：バリデーションチェックOKです
[10-Oct-2021 01:16:19 UTC] デバッグ：クエリ成功
[10-Oct-2021 01:16:19 UTC] デバッグ：成功したSQL：PDOStatement Object
(
    [queryString] => INSERT INTO users (email,password,age,create_date) VALUES 
        (:email,:pass,:age,:create_date)
)

[10-Oct-2021 01:16:19 UTC] デバッグ：「「「「「「「「「「「「「「「「「「「「「「「「
[10-Oct-2021 01:16:19 UTC] デバッグ： マイページ
[10-Oct-2021 01:16:19 UTC] デバッグ：「「「「「「「「「「「「「「「「「「「「「「「「
[10-Oct-2021 01:16:19 UTC] デバッグ：-------ログインチェック関数-----------
[10-Oct-2021 01:16:19 UTC] デバッグ：$_SESSIONの中身：Array
(
    [user_id] => 17
    [login_limit] => 3600
    [login_date] => 1633828579
)

[10-Oct-2021 01:16:19 UTC] デバッグ：ログイン済みユーザーです
[10-Oct-2021 01:16:19 UTC] デバッグ：セッションは有効期限内です
[10-Oct-2021 01:16:19 UTC] デバッグ：クエリ成功
[10-Oct-2021 01:16:19 UTC] デバッグ：成功したSQL：PDOStatement Object
(
    [queryString] => SELECT h.id,h.habit,h.obstacle,h.if_plan,c.name AS category_name FROM habits
    AS h LEFT JOIN category AS c ON h.category_id = c.id
    WHERE user_id=:u_id AND h.delete_flg=0
)

[10-Oct-2021 01:16:33 UTC] デバッグ：-------ログインチェック関数-----------
[10-Oct-2021 01:16:33 UTC] デバッグ：$_SESSIONの中身：Array
(
)

[10-Oct-2021 01:16:33 UTC] デバッグ：このユーザーはログインしていません
[10-Oct-2021 01:16:33 UTC] デバッグ：「「「「「「「「「「「「「「「「「「「「「「「「
[10-Oct-2021 01:16:33 UTC] デバッグ：ログインページ
[10-Oct-2021 01:16:33 UTC] デバッグ：「「「「「「「「「「「「「「「「「「「「「「「「
[10-Oct-2021 01:16:33 UTC] デバッグ：-------ログインチェック関数-----------
[10-Oct-2021 01:16:33 UTC] デバッグ：$_SESSIONの中身：Array
(
)

[10-Oct-2021 01:16:33 UTC] デバッグ：このユーザーはログインしていません
[10-Oct-2021 01:16:39 UTC] デバッグ：「「「「「「「「「「「「「「「「「「「「「「「「
[10-Oct-2021 01:16:39 UTC] デバッグ：ログインページ
[10-Oct-2021 01:16:39 UTC] デバッグ：「「「「「「「「「「「「「「「「「「「「「「「「
[10-Oct-2021 01:16:39 UTC] デバッグ：-------ログインチェック関数-----------
[10-Oct-2021 01:16:39 UTC] デバッグ：$_SESSIONの中身：Array
(
)

[10-Oct-2021 01:16:39 UTC] デバッグ：このユーザーはログインしていません
[10-Oct-2021 01:16:39 UTC] デバッグ：post送信があります
[10-Oct-2021 01:16:39 UTC] デバッグ：$_POST送信の中身：Array
(
    [email] => red@outlook.jp
    [pass] => red123
)

[10-Oct-2021 01:16:39 UTC] デバッグ：バリデーションチェックOKです
[10-Oct-2021 01:16:39 UTC] デバッグ：クエリ成功
[10-Oct-2021 01:16:39 UTC] デバッグ：成功したSQL：PDOStatement Object
(
    [queryString] => SELECT password,id FROM users WHERE email=:email AND delete_flg = 0
)

[10-Oct-2021 01:16:39 UTC] デバッグ：クエリ結果の中身：Array
(
    [password] => $2y$10$W1sxHz62L7W/wY0uSjHNkedDfyWrViWMzINnrSJIvKpn45nwW63Bi
    [id] => 17
)

[10-Oct-2021 01:16:39 UTC] デバッグ：パスワードがマッチしました
[10-Oct-2021 01:16:39 UTC] デバッグ：$err_msgの中身：Array
(
)

[10-Oct-2021 01:16:39 UTC] デバッグ：「「「「「「「「「「「「「「「「「「「「「「「「
[10-Oct-2021 01:16:39 UTC] デバッグ： マイページ
[10-Oct-2021 01:16:39 UTC] デバッグ：「「「「「「「「「「「「「「「「「「「「「「「「
[10-Oct-2021 01:16:39 UTC] デバッグ：-------ログインチェック関数-----------
[10-Oct-2021 01:16:39 UTC] デバッグ：$_SESSIONの中身：Array
(
    [user_id] => 17
    [login_limit] => 3600
    [login_date] => 1633828599
)

[10-Oct-2021 01:16:39 UTC] デバッグ：ログイン済みユーザーです
[10-Oct-2021 01:16:39 UTC] デバッグ：セッションは有効期限内です
[10-Oct-2021 01:16:39 UTC] デバッグ：クエリ成功
[10-Oct-2021 01:16:39 UTC] デバッグ：成功したSQL：PDOStatement Object
(
    [queryString] => SELECT h.id,h.habit,h.obstacle,h.if_plan,c.name AS category_name FROM habits
    AS h LEFT JOIN category AS c ON h.category_id = c.id
    WHERE user_id=:u_id AND h.delete_flg=0
)

[10-Oct-2021 01:16:42 UTC] デバッグ：-------ログインチェック関数-----------
[10-Oct-2021 01:16:42 UTC] デバッグ：$_SESSIONの中身：Array
(
)

[10-Oct-2021 01:16:42 UTC] デバッグ：このユーザーはログインしていません
[10-Oct-2021 01:16:42 UTC] デバッグ：「「「「「「「「「「「「「「「「「「「「「「「「
[10-Oct-2021 01:16:42 UTC] デバッグ：ログインページ
[10-Oct-2021 01:16:42 UTC] デバッグ：「「「「「「「「「「「「「「「「「「「「「「「「
[10-Oct-2021 01:16:42 UTC] デバッグ：-------ログインチェック関数-----------
[10-Oct-2021 01:16:42 UTC] デバッグ：$_SESSIONの中身：Array
(
)

[10-Oct-2021 01:16:42 UTC] デバッグ：このユーザーはログインしていません
[10-Oct-2021 01:16:46 UTC] デバッグ：「「「「「「「「「「「「「「「「「「「「「「「「
[10-Oct-2021 01:16:46 UTC] デバッグ：ログインページ
[10-Oct-2021 01:16:46 UTC] デバッグ：「「「「「「「「「「「「「「「「「「「「「「「「
[10-Oct-2021 01:16:46 UTC] デバッグ：-------ログインチェック関数-----------
[10-Oct-2021 01:16:46 UTC] デバッグ：$_SESSIONの中身：Array
(
)

[10-Oct-2021 01:16:46 UTC] デバッグ：このユーザーはログインしていません
[10-Oct-2021 01:16:46 UTC] デバッグ：post送信があります
[10-Oct-2021 01:16:46 UTC] デバッグ：$_POST送信の中身：Array
(
    [email] => red@outlook.jp
    [pass] => gfedvcgtefrd
)

[10-Oct-2021 01:16:46 UTC] デバッグ：バリデーションチェックOKです
[10-Oct-2021 01:16:46 UTC] デバッグ：クエリ成功
[10-Oct-2021 01:16:46 UTC] デバッグ：成功したSQL：PDOStatement Object
(
    [queryString] => SELECT password,id FROM users WHERE email=:email AND delete_flg = 0
)

[10-Oct-2021 01:16:46 UTC] デバッグ：クエリ結果の中身：Array
(
    [password] => $2y$10$W1sxHz62L7W/wY0uSjHNkedDfyWrViWMzINnrSJIvKpn45nwW63Bi
    [id] => 17
)

[10-Oct-2021 01:16:46 UTC] デバッグ：$err_msgの中身：Array
(
    [pass] => メールアドレスまたはパスワードが間違っています
)

[10-Oct-2021 01:16:49 UTC] デバッグ：「「「「「「「「「「「「「「「「「「「「「「「「
[10-Oct-2021 01:16:49 UTC] デバッグ：ログインページ
[10-Oct-2021 01:16:49 UTC] デバッグ：「「「「「「「「「「「「「「「「「「「「「「「「
[10-Oct-2021 01:16:49 UTC] デバッグ：-------ログインチェック関数-----------
[10-Oct-2021 01:16:49 UTC] デバッグ：$_SESSIONの中身：Array
(
)

[10-Oct-2021 01:16:49 UTC] デバッグ：このユーザーはログインしていません
[10-Oct-2021 01:16:49 UTC] デバッグ：post送信があります
[10-Oct-2021 01:16:49 UTC] デバッグ：$_POST送信の中身：Array
(
    [email] => red@outlook.jp
    [pass] => gfed
)

[10-Oct-2021 01:16:49 UTC] デバッグ：バリデーションチェックOKです
[10-Oct-2021 01:16:49 UTC] デバッグ：クエリ成功
[10-Oct-2021 01:16:49 UTC] デバッグ：成功したSQL：PDOStatement Object
(
    [queryString] => SELECT password,id FROM users WHERE email=:email AND delete_flg = 0
)

[10-Oct-2021 01:16:49 UTC] デバッグ：クエリ結果の中身：Array
(
    [password] => $2y$10$W1sxHz62L7W/wY0uSjHNkedDfyWrViWMzINnrSJIvKpn45nwW63Bi
    [id] => 17
)

[10-Oct-2021 01:16:49 UTC] デバッグ：$err_msgの中身：Array
(
    [pass] => メールアドレスまたはパスワードが間違っています
)

[10-Oct-2021 01:17:35 UTC] デバッグ：「「「「「「「「「「「「「「「「「「「「「「「「
[10-Oct-2021 01:17:35 UTC] デバッグ： 会員登録ページ
[10-Oct-2021 01:17:35 UTC] デバッグ：「「「「「「「「「「「「「「「「「「「「「「「「
[10-Oct-2021 01:17:50 UTC] デバッグ：「「「「「「「「「「「「「「「「「「「「「「「「
[10-Oct-2021 01:17:50 UTC] デバッグ： 会員登録ページ
[10-Oct-2021 01:17:50 UTC] デバッグ：「「「「「「「「「「「「「「「「「「「「「「「「
[10-Oct-2021 01:17:50 UTC] デバッグ：post送信があります
[10-Oct-2021 01:17:50 UTC] デバッグ：$_POST送信の中身：Array
(
    [email] => blue@outlook.jp
    [pass] => bfrewdrfdsv
    [retype_pass] => 
)

[10-Oct-2021 01:17:53 UTC] デバッグ：「「「「「「「「「「「「「「「「「「「「「「「「
[10-Oct-2021 01:17:53 UTC] デバッグ： 会員登録ページ
[10-Oct-2021 01:17:53 UTC] デバッグ：「「「「「「「「「「「「「「「「「「「「「「「「
[10-Oct-2021 01:17:53 UTC] デバッグ：post送信があります
[10-Oct-2021 01:17:53 UTC] デバッグ：$_POST送信の中身：Array
(
    [email] => blue@outlook.jp
    [pass] => bfrewdrfdsv
    [retype_pass] => reftggtrefvgtvgv
)

[10-Oct-2021 01:17:53 UTC] デバッグ：メールアドレス重複チェック関数
[10-Oct-2021 01:17:53 UTC] デバッグ：クエリ成功
[10-Oct-2021 01:17:53 UTC] デバッグ：成功したSQL：PDOStatement Object
(
    [queryString] => SELECT id FROM users WHERE email = :email AND delete_flg=0
)

[10-Oct-2021 01:18:07 UTC] デバッグ：「「「「「「「「「「「「「「「「「「「「「「「「
[10-Oct-2021 01:18:07 UTC] デバッグ： 会員登録ページ
[10-Oct-2021 01:18:07 UTC] デバッグ：「「「「「「「「「「「「「「「「「「「「「「「「
[10-Oct-2021 01:18:07 UTC] デバッグ：post送信があります
[10-Oct-2021 01:18:07 UTC] デバッグ：$_POST送信の中身：Array
(
    [email] => blueoutlook.jp
    [pass] => blue123
    [retype_pass] => blue123
)

[10-Oct-2021 01:18:11 UTC] デバッグ：「「「「「「「「「「「「「「「「「「「「「「「「
[10-Oct-2021 01:18:11 UTC] デバッグ： 会員登録ページ
[10-Oct-2021 01:18:11 UTC] デバッグ：「「「「「「「「「「「「「「「「「「「「「「「「
[10-Oct-2021 01:18:11 UTC] デバッグ：post送信があります
[10-Oct-2021 01:18:11 UTC] デバッグ：$_POST送信の中身：Array
(
    [email] => blue@outlook.jp
    [pass] => blue123
    [retype_pass] => blue123
)

[10-Oct-2021 01:18:11 UTC] デバッグ：メールアドレス重複チェック関数
[10-Oct-2021 01:18:11 UTC] デバッグ：クエリ成功
[10-Oct-2021 01:18:11 UTC] デバッグ：成功したSQL：PDOStatement Object
(
    [queryString] => SELECT id FROM users WHERE email = :email AND delete_flg=0
)

[10-Oct-2021 01:18:11 UTC] デバッグ：バリデーションチェックOKです
[10-Oct-2021 01:18:11 UTC] デバッグ：クエリ成功
[10-Oct-2021 01:18:11 UTC] デバッグ：成功したSQL：PDOStatement Object
(
    [queryString] => INSERT INTO users (email,password,age,create_date) VALUES 
        (:email,:pass,:age,:create_date)
)

[10-Oct-2021 01:18:11 UTC] デバッグ：「「「「「「「「「「「「「「「「「「「「「「「「
[10-Oct-2021 01:18:11 UTC] デバッグ： マイページ
[10-Oct-2021 01:18:11 UTC] デバッグ：「「「「「「「「「「「「「「「「「「「「「「「「
[10-Oct-2021 01:18:11 UTC] デバッグ：-------ログインチェック関数-----------
[10-Oct-2021 01:18:11 UTC] デバッグ：$_SESSIONの中身：Array
(
    [user_id] => 18
    [login_limit] => 3600
    [login_date] => 1633828691
)

[10-Oct-2021 01:18:11 UTC] デバッグ：ログイン済みユーザーです
[10-Oct-2021 01:18:11 UTC] デバッグ：セッションは有効期限内です
[10-Oct-2021 01:18:11 UTC] デバッグ：クエリ成功
[10-Oct-2021 01:18:11 UTC] デバッグ：成功したSQL：PDOStatement Object
(
    [queryString] => SELECT h.id,h.habit,h.obstacle,h.if_plan,c.name AS category_name FROM habits
    AS h LEFT JOIN category AS c ON h.category_id = c.id
    WHERE user_id=:u_id AND h.delete_flg=0
)

[10-Oct-2021 01:18:19 UTC] デバッグ：-------ログインチェック関数-----------
[10-Oct-2021 01:18:19 UTC] デバッグ：$_SESSIONの中身：Array
(
)

[10-Oct-2021 01:18:19 UTC] デバッグ：このユーザーはログインしていません
[10-Oct-2021 01:18:19 UTC] デバッグ：「「「「「「「「「「「「「「「「「「「「「「「「
[10-Oct-2021 01:18:19 UTC] デバッグ：ログインページ
[10-Oct-2021 01:18:19 UTC] デバッグ：「「「「「「「「「「「「「「「「「「「「「「「「
[10-Oct-2021 01:18:19 UTC] デバッグ：-------ログインチェック関数-----------
[10-Oct-2021 01:18:19 UTC] デバッグ：$_SESSIONの中身：Array
(
)

[10-Oct-2021 01:18:19 UTC] デバッグ：このユーザーはログインしていません
[10-Oct-2021 01:18:32 UTC] デバッグ：「「「「「「「「「「「「「「「「「「「「「「「「
[10-Oct-2021 01:18:32 UTC] デバッグ： 会員登録ページ
[10-Oct-2021 01:18:32 UTC] デバッグ：「「「「「「「「「「「「「「「「「「「「「「「「
[10-Oct-2021 01:18:40 UTC] デバッグ：「「「「「「「「「「「「「「「「「「「「「「「「
[10-Oct-2021 01:18:40 UTC] デバッグ： 会員登録ページ
[10-Oct-2021 01:18:40 UTC] デバッグ：「「「「「「「「「「「「「「「「「「「「「「「「
[10-Oct-2021 01:18:40 UTC] デバッグ：post送信があります
[10-Oct-2021 01:18:40 UTC] デバッグ：$_POST送信の中身：Array
(
    [email] => red@outlook.jp
    [pass] => red456
    [retype_pass] => red456
)

[10-Oct-2021 01:18:40 UTC] デバッグ：メールアドレス重複チェック関数
[10-Oct-2021 01:18:40 UTC] デバッグ：クエリ成功
[10-Oct-2021 01:18:40 UTC] デバッグ：成功したSQL：PDOStatement Object
(
    [queryString] => SELECT id FROM users WHERE email = :email AND delete_flg=0
)

[10-Oct-2021 01:18:40 UTC] デバッグ：このメールアドレスはすでにDBにあります
[10-Oct-2021 01:18:47 UTC] デバッグ：「「「「「「「「「「「「「「「「「「「「「「「「
[10-Oct-2021 01:18:47 UTC] デバッグ：ログインページ
[10-Oct-2021 01:18:47 UTC] デバッグ：「「「「「「「「「「「「「「「「「「「「「「「「
[10-Oct-2021 01:18:47 UTC] デバッグ：-------ログインチェック関数-----------
[10-Oct-2021 01:18:47 UTC] デバッグ：$_SESSIONの中身：Array
(
)

[10-Oct-2021 01:18:47 UTC] デバッグ：このユーザーはログインしていません
[10-Oct-2021 01:18:51 UTC] デバッグ：「「「「「「「「「「「「「「「「「「「「「「「「
[10-Oct-2021 01:18:51 UTC] デバッグ：ログインページ
[10-Oct-2021 01:18:51 UTC] デバッグ：「「「「「「「「「「「「「「「「「「「「「「「「
[10-Oct-2021 01:18:51 UTC] デバッグ：-------ログインチェック関数-----------
[10-Oct-2021 01:18:51 UTC] デバッグ：$_SESSIONの中身：Array
(
)

[10-Oct-2021 01:18:51 UTC] デバッグ：このユーザーはログインしていません
[10-Oct-2021 01:18:51 UTC] デバッグ：post送信があります
[10-Oct-2021 01:18:51 UTC] デバッグ：$_POST送信の中身：Array
(
    [email] => red@outlook.jp
    [pass] => red123
)

[10-Oct-2021 01:18:51 UTC] デバッグ：バリデーションチェックOKです
[10-Oct-2021 01:18:51 UTC] デバッグ：クエリ成功
[10-Oct-2021 01:18:51 UTC] デバッグ：成功したSQL：PDOStatement Object
(
    [queryString] => SELECT password,id FROM users WHERE email=:email AND delete_flg = 0
)

[10-Oct-2021 01:18:51 UTC] デバッグ：クエリ結果の中身：Array
(
    [password] => $2y$10$W1sxHz62L7W/wY0uSjHNkedDfyWrViWMzINnrSJIvKpn45nwW63Bi
    [id] => 17
)

[10-Oct-2021 01:18:52 UTC] デバッグ：パスワードがマッチしました
[10-Oct-2021 01:18:52 UTC] デバッグ：$err_msgの中身：Array
(
)

[10-Oct-2021 01:18:52 UTC] デバッグ：「「「「「「「「「「「「「「「「「「「「「「「「
[10-Oct-2021 01:18:52 UTC] デバッグ： マイページ
[10-Oct-2021 01:18:52 UTC] デバッグ：「「「「「「「「「「「「「「「「「「「「「「「「
[10-Oct-2021 01:18:52 UTC] デバッグ：-------ログインチェック関数-----------
[10-Oct-2021 01:18:52 UTC] デバッグ：$_SESSIONの中身：Array
(
    [user_id] => 17
    [login_limit] => 3600
    [login_date] => 1633828732
)

[10-Oct-2021 01:18:52 UTC] デバッグ：ログイン済みユーザーです
[10-Oct-2021 01:18:52 UTC] デバッグ：セッションは有効期限内です
[10-Oct-2021 01:18:52 UTC] デバッグ：クエリ成功
[10-Oct-2021 01:18:52 UTC] デバッグ：成功したSQL：PDOStatement Object
(
    [queryString] => SELECT h.id,h.habit,h.obstacle,h.if_plan,c.name AS category_name FROM habits
    AS h LEFT JOIN category AS c ON h.category_id = c.id
    WHERE user_id=:u_id AND h.delete_flg=0
)

[10-Oct-2021 01:18:54 UTC] デバッグ：「「「「「「「「「「「「「「「「「「「「「「「「
[10-Oct-2021 01:18:54 UTC] デバッグ： マイページ
[10-Oct-2021 01:18:54 UTC] デバッグ：「「「「「「「「「「「「「「「「「「「「「「「「
[10-Oct-2021 01:18:54 UTC] デバッグ：-------ログインチェック関数-----------
[10-Oct-2021 01:18:54 UTC] デバッグ：$_SESSIONの中身：Array
(
    [user_id] => 17
    [login_limit] => 3600
    [login_date] => 1633828732
)

[10-Oct-2021 01:18:54 UTC] デバッグ：ログイン済みユーザーです
[10-Oct-2021 01:18:54 UTC] デバッグ：セッションは有効期限内です
[10-Oct-2021 01:18:54 UTC] デバッグ：クエリ成功
[10-Oct-2021 01:18:54 UTC] デバッグ：成功したSQL：PDOStatement Object
(
    [queryString] => SELECT h.id,h.habit,h.obstacle,h.if_plan,c.name AS category_name FROM habits
    AS h LEFT JOIN category AS c ON h.category_id = c.id
    WHERE user_id=:u_id AND h.delete_flg=0
)

[10-Oct-2021 01:18:56 UTC] デバッグ：「「「「「「「「「「「「「「「「「「「「「「「「
[10-Oct-2021 01:18:56 UTC] デバッグ： マイページ
[10-Oct-2021 01:18:56 UTC] デバッグ：「「「「「「「「「「「「「「「「「「「「「「「「
[10-Oct-2021 01:18:56 UTC] デバッグ：-------ログインチェック関数-----------
[10-Oct-2021 01:18:56 UTC] デバッグ：$_SESSIONの中身：Array
(
    [user_id] => 17
    [login_limit] => 3600
    [login_date] => 1633828734
)

[10-Oct-2021 01:18:56 UTC] デバッグ：ログイン済みユーザーです
[10-Oct-2021 01:18:56 UTC] デバッグ：セッションは有効期限内です
[10-Oct-2021 01:18:56 UTC] デバッグ：クエリ成功
[10-Oct-2021 01:18:56 UTC] デバッグ：成功したSQL：PDOStatement Object
(
    [queryString] => SELECT h.id,h.habit,h.obstacle,h.if_plan,c.name AS category_name FROM habits
    AS h LEFT JOIN category AS c ON h.category_id = c.id
    WHERE user_id=:u_id AND h.delete_flg=0
)

[10-Oct-2021 01:18:57 UTC] デバッグ：「「「「「「「「「「「「「「「「「「「「「「「「
[10-Oct-2021 01:18:57 UTC] デバッグ： マイページ
[10-Oct-2021 01:18:57 UTC] デバッグ：「「「「「「「「「「「「「「「「「「「「「「「「
[10-Oct-2021 01:18:57 UTC] デバッグ：-------ログインチェック関数-----------
[10-Oct-2021 01:18:57 UTC] デバッグ：$_SESSIONの中身：Array
(
    [user_id] => 17
    [login_limit] => 3600
    [login_date] => 1633828736
)

[10-Oct-2021 01:18:57 UTC] デバッグ：ログイン済みユーザーです
[10-Oct-2021 01:18:57 UTC] デバッグ：セッションは有効期限内です
[10-Oct-2021 01:18:57 UTC] デバッグ：クエリ成功
[10-Oct-2021 01:18:57 UTC] デバッグ：成功したSQL：PDOStatement Object
(
    [queryString] => SELECT h.id,h.habit,h.obstacle,h.if_plan,c.name AS category_name FROM habits
    AS h LEFT JOIN category AS c ON h.category_id = c.id
    WHERE user_id=:u_id AND h.delete_flg=0
)

[10-Oct-2021 01:18:58 UTC] デバッグ：「「「「「「「「「「「「「「「「「「「「「「「「
[10-Oct-2021 01:18:58 UTC] デバッグ： 習慣登録・編集ページ
[10-Oct-2021 01:18:58 UTC] デバッグ：「「「「「「「「「「「「「「「「「「「「「「「「
[10-Oct-2021 01:18:58 UTC] デバッグ：-------ログインチェック関数-----------
[10-Oct-2021 01:18:58 UTC] デバッグ：$_SESSIONの中身：Array
(
    [user_id] => 17
    [login_limit] => 3600
    [login_date] => 1633828737
)

[10-Oct-2021 01:18:58 UTC] デバッグ：ログイン済みユーザーです
[10-Oct-2021 01:18:58 UTC] デバッグ：セッションは有効期限内です
[10-Oct-2021 01:18:58 UTC] デバッグ：SQL:SELECT id,name FROM category WHERE 
    delete_flg=0
[10-Oct-2021 01:18:58 UTC] デバッグ：クエリ成功
[10-Oct-2021 01:18:58 UTC] デバッグ：成功したSQL：PDOStatement Object
(
    [queryString] => SELECT id,name FROM category WHERE 
    delete_flg=0
)

[10-Oct-2021 01:18:58 UTC] デバッグ：$category_listの中身Array
(
    [0] => Array
        (
            [id] => 1
            [name] => 運動
        )

    [1] => Array
        (
            [id] => 2
            [name] => 食事
        )

    [2] => Array
        (
            [id] => 3
            [name] => 睡眠
        )

    [3] => Array
        (
            [id] => 4
            [name] => 勉強
        )

    [4] => Array
        (
            [id] => 5
            [name] => 人間関係
        )

)

[10-Oct-2021 01:18:58 UTC] デバッグ：$edit_flgの値：
[10-Oct-2021 01:18:58 UTC] デバッグ：$h_idの値：
[10-Oct-2021 01:18:58 UTC] デバッグ：習慣データを取得します
[10-Oct-2021 01:18:58 UTC] デバッグ：クエリ成功
[10-Oct-2021 01:18:58 UTC] デバッグ：成功したSQL：PDOStatement Object
(
    [queryString] => SELECT id,habit,category_id,obstacle,if_plan,open_flg,
        create_date,delete_flg,user_id FROM habits WHERE id=:id AND delete_flg=0
)

[10-Oct-2021 01:18:58 UTC] デバッグ：$habit_dataの中身：0
[10-Oct-2021 01:18:58 UTC] デバッグ：habitの判定です
[10-Oct-2021 01:18:58 UTC] PHP Notice:  Trying to access array offset on value of type int in /Applications/MAMP/htdocs/rakusyu_app_mac/rakusyu_app/php_sheet/function.php on line 258
[10-Oct-2021 01:18:58 UTC] デバッグ：ループ3
[10-Oct-2021 01:18:58 UTC] PHP Notice:  Trying to access array offset on value of type int in /Applications/MAMP/htdocs/rakusyu_app_mac/rakusyu_app/php_sheet/function.php on line 268
[10-Oct-2021 01:18:58 UTC] デバッグ：category_idの判定です
[10-Oct-2021 01:18:58 UTC] PHP Notice:  Trying to access array offset on value of type int in /Applications/MAMP/htdocs/rakusyu_app_mac/rakusyu_app/php_sheet/function.php on line 258
[10-Oct-2021 01:18:58 UTC] デバッグ：ループ3
[10-Oct-2021 01:18:58 UTC] PHP Notice:  Trying to access array offset on value of type int in /Applications/MAMP/htdocs/rakusyu_app_mac/rakusyu_app/php_sheet/function.php on line 268
[10-Oct-2021 01:18:58 UTC] デバッグ：category_idの判定です
[10-Oct-2021 01:18:58 UTC] PHP Notice:  Trying to access array offset on value of type int in /Applications/MAMP/htdocs/rakusyu_app_mac/rakusyu_app/php_sheet/function.php on line 258
[10-Oct-2021 01:18:58 UTC] デバッグ：ループ3
[10-Oct-2021 01:18:58 UTC] PHP Notice:  Trying to access array offset on value of type int in /Applications/MAMP/htdocs/rakusyu_app_mac/rakusyu_app/php_sheet/function.php on line 268
[10-Oct-2021 01:18:58 UTC] デバッグ：category_idの判定です
[10-Oct-2021 01:18:58 UTC] PHP Notice:  Trying to access array offset on value of type int in /Applications/MAMP/htdocs/rakusyu_app_mac/rakusyu_app/php_sheet/function.php on line 258
[10-Oct-2021 01:18:58 UTC] デバッグ：ループ3
[10-Oct-2021 01:18:58 UTC] PHP Notice:  Trying to access array offset on value of type int in /Applications/MAMP/htdocs/rakusyu_app_mac/rakusyu_app/php_sheet/function.php on line 268
[10-Oct-2021 01:18:58 UTC] デバッグ：category_idの判定です
[10-Oct-2021 01:18:58 UTC] PHP Notice:  Trying to access array offset on value of type int in /Applications/MAMP/htdocs/rakusyu_app_mac/rakusyu_app/php_sheet/function.php on line 258
[10-Oct-2021 01:18:58 UTC] デバッグ：ループ3
[10-Oct-2021 01:18:58 UTC] PHP Notice:  Trying to access array offset on value of type int in /Applications/MAMP/htdocs/rakusyu_app_mac/rakusyu_app/php_sheet/function.php on line 268
[10-Oct-2021 01:18:58 UTC] デバッグ：category_idの判定です
[10-Oct-2021 01:18:58 UTC] PHP Notice:  Trying to access array offset on value of type int in /Applications/MAMP/htdocs/rakusyu_app_mac/rakusyu_app/php_sheet/function.php on line 258
[10-Oct-2021 01:18:58 UTC] デバッグ：ループ3
[10-Oct-2021 01:18:58 UTC] PHP Notice:  Trying to access array offset on value of type int in /Applications/MAMP/htdocs/rakusyu_app_mac/rakusyu_app/php_sheet/function.php on line 268
[10-Oct-2021 01:18:58 UTC] デバッグ：obstacleの判定です
[10-Oct-2021 01:18:58 UTC] PHP Notice:  Trying to access array offset on value of type int in /Applications/MAMP/htdocs/rakusyu_app_mac/rakusyu_app/php_sheet/function.php on line 258
[10-Oct-2021 01:18:58 UTC] デバッグ：ループ3
[10-Oct-2021 01:18:58 UTC] PHP Notice:  Trying to access array offset on value of type int in /Applications/MAMP/htdocs/rakusyu_app_mac/rakusyu_app/php_sheet/function.php on line 268
[10-Oct-2021 01:18:58 UTC] デバッグ：if_planの判定です
[10-Oct-2021 01:18:58 UTC] PHP Notice:  Trying to access array offset on value of type int in /Applications/MAMP/htdocs/rakusyu_app_mac/rakusyu_app/php_sheet/function.php on line 258
[10-Oct-2021 01:18:58 UTC] デバッグ：ループ3
[10-Oct-2021 01:18:58 UTC] PHP Notice:  Trying to access array offset on value of type int in /Applications/MAMP/htdocs/rakusyu_app_mac/rakusyu_app/php_sheet/function.php on line 268
[10-Oct-2021 01:19:53 UTC] デバッグ：「「「「「「「「「「「「「「「「「「「「「「「「
[10-Oct-2021 01:19:53 UTC] デバッグ： 習慣登録・編集ページ
[10-Oct-2021 01:19:53 UTC] デバッグ：「「「「「「「「「「「「「「「「「「「「「「「「
[10-Oct-2021 01:19:53 UTC] デバッグ：-------ログインチェック関数-----------
[10-Oct-2021 01:19:53 UTC] デバッグ：$_SESSIONの中身：Array
(
    [user_id] => 17
    [login_limit] => 3600
    [login_date] => 1633828738
)

[10-Oct-2021 01:19:53 UTC] デバッグ：ログイン済みユーザーです
[10-Oct-2021 01:19:53 UTC] デバッグ：セッションは有効期限内です
[10-Oct-2021 01:19:53 UTC] デバッグ：SQL:SELECT id,name FROM category WHERE 
    delete_flg=0
[10-Oct-2021 01:19:53 UTC] デバッグ：クエリ成功
[10-Oct-2021 01:19:53 UTC] デバッグ：成功したSQL：PDOStatement Object
(
    [queryString] => SELECT id,name FROM category WHERE 
    delete_flg=0
)

[10-Oct-2021 01:19:53 UTC] デバッグ：$category_listの中身Array
(
    [0] => Array
        (
            [id] => 1
            [name] => 運動
        )

    [1] => Array
        (
            [id] => 2
            [name] => 食事
        )

    [2] => Array
        (
            [id] => 3
            [name] => 睡眠
        )

    [3] => Array
        (
            [id] => 4
            [name] => 勉強
        )

    [4] => Array
        (
            [id] => 5
            [name] => 人間関係
        )

)

[10-Oct-2021 01:19:53 UTC] デバッグ：$edit_flgの値：
[10-Oct-2021 01:19:53 UTC] デバッグ：$h_idの値：
[10-Oct-2021 01:19:53 UTC] デバッグ：習慣データを取得します
[10-Oct-2021 01:19:53 UTC] デバッグ：クエリ成功
[10-Oct-2021 01:19:53 UTC] デバッグ：成功したSQL：PDOStatement Object
(
    [queryString] => SELECT id,habit,category_id,obstacle,if_plan,open_flg,
        create_date,delete_flg,user_id FROM habits WHERE id=:id AND delete_flg=0
)

[10-Oct-2021 01:19:53 UTC] デバッグ：$habit_dataの中身：0
[10-Oct-2021 01:19:53 UTC] デバッグ：post送信があります
[10-Oct-2021 01:19:53 UTC] デバッグ：$_POSTの中身：Array
(
    [habit] => 毎日、水風呂に入る
    [category] => 1
    [obstacle] => 疲れている、時間がない
    [if_plan] => どうしても入りたくない時は、冷たいシャワーを浴びる
    [open] => on
)

[10-Oct-2021 01:19:53 UTC] デバッグ：$open_flgの値：1
[10-Oct-2021 01:19:53 UTC] デバッグ：$err_msgの中身1：Array
(
)

[10-Oct-2021 01:19:53 UTC] デバッグ：バリデーションチェックOKです
[10-Oct-2021 01:19:53 UTC] デバッグ：新規登録です
[10-Oct-2021 01:19:53 UTC] デバッグ：$dataの中身：Array
(
    [:user_id] => 17
    [:habit] => 毎日、水風呂に入る
    [:category_id] => 1
    [:obstacle] => 疲れている、時間がない
    [:if_plan] => どうしても入りたくない時は、冷たいシャワーを浴びる
    [:open_flg] => 1
    [:create_date] => 2021-10-10 01:19:53
)

[10-Oct-2021 01:19:53 UTC] デバッグ：クエリ成功
[10-Oct-2021 01:19:53 UTC] デバッグ：成功したSQL：PDOStatement Object
(
    [queryString] => INSERT INTO habits (user_id,habit,category_id,obstacle,if_plan,
            open_flg,create_date) VALUES (:user_id,:habit,:category_id,:obstacle,
            :if_plan,:open_flg,:create_date)
)

[10-Oct-2021 01:19:53 UTC] デバッグ：$resultの中身：1
[10-Oct-2021 01:19:53 UTC] デバッグ：「「「「「「「「「「「「「「「「「「「「「「「「
[10-Oct-2021 01:19:53 UTC] デバッグ： 習慣登録・編集ページ
[10-Oct-2021 01:19:53 UTC] デバッグ：「「「「「「「「「「「「「「「「「「「「「「「「
[10-Oct-2021 01:19:53 UTC] デバッグ：-------ログインチェック関数-----------
[10-Oct-2021 01:19:53 UTC] デバッグ：$_SESSIONの中身：Array
(
    [user_id] => 17
    [login_limit] => 3600
    [login_date] => 1633828793
    [suc_msg] => 新しい習慣を登録しました
)

[10-Oct-2021 01:19:53 UTC] デバッグ：ログイン済みユーザーです
[10-Oct-2021 01:19:53 UTC] デバッグ：セッションは有効期限内です
[10-Oct-2021 01:19:53 UTC] デバッグ：SQL:SELECT id,name FROM category WHERE 
    delete_flg=0
[10-Oct-2021 01:19:53 UTC] デバッグ：クエリ成功
[10-Oct-2021 01:19:53 UTC] デバッグ：成功したSQL：PDOStatement Object
(
    [queryString] => SELECT id,name FROM category WHERE 
    delete_flg=0
)

[10-Oct-2021 01:19:53 UTC] デバッグ：$category_listの中身Array
(
    [0] => Array
        (
            [id] => 1
            [name] => 運動
        )

    [1] => Array
        (
            [id] => 2
            [name] => 食事
        )

    [2] => Array
        (
            [id] => 3
            [name] => 睡眠
        )

    [3] => Array
        (
            [id] => 4
            [name] => 勉強
        )

    [4] => Array
        (
            [id] => 5
            [name] => 人間関係
        )

)

[10-Oct-2021 01:19:53 UTC] デバッグ：$edit_flgの値：1
[10-Oct-2021 01:19:53 UTC] デバッグ：$h_idの値：177
[10-Oct-2021 01:19:53 UTC] デバッグ：習慣データを取得します
[10-Oct-2021 01:19:53 UTC] デバッグ：クエリ成功
[10-Oct-2021 01:19:53 UTC] デバッグ：成功したSQL：PDOStatement Object
(
    [queryString] => SELECT id,habit,category_id,obstacle,if_plan,open_flg,
        create_date,delete_flg,user_id FROM habits WHERE id=:id AND delete_flg=0
)

[10-Oct-2021 01:19:53 UTC] デバッグ：$habit_dataの中身：Array
(
    [id] => 177
    [habit] => 毎日、水風呂に入る
    [category_id] => 1
    [obstacle] => 疲れている、時間がない
    [if_plan] => どうしても入りたくない時は、冷たいシャワーを浴びる
    [open_flg] => 1
    [create_date] => 2021-10-10 01:19:53
    [delete_flg] => 0
    [user_id] => 17
)

[10-Oct-2021 01:19:53 UTC] デバッグ：クエリ成功
[10-Oct-2021 01:19:53 UTC] デバッグ：成功したSQL：PDOStatement Object
(
    [queryString] => SELECT id FROM habits WHERE id=:h_id AND 
        user_id=:u_id AND delete_flg=0
)

[10-Oct-2021 01:19:53 UTC] デバッグ：habitの判定です
[10-Oct-2021 01:19:53 UTC] デバッグ：ループ3
[10-Oct-2021 01:19:53 UTC] デバッグ：category_idの判定です
[10-Oct-2021 01:19:53 UTC] デバッグ：ループ3
[10-Oct-2021 01:19:53 UTC] デバッグ：category_idの判定です
[10-Oct-2021 01:19:53 UTC] デバッグ：ループ3
[10-Oct-2021 01:19:53 UTC] デバッグ：category_idの判定です
[10-Oct-2021 01:19:53 UTC] デバッグ：ループ3
[10-Oct-2021 01:19:53 UTC] デバッグ：category_idの判定です
[10-Oct-2021 01:19:53 UTC] デバッグ：ループ3
[10-Oct-2021 01:19:53 UTC] デバッグ：category_idの判定です
[10-Oct-2021 01:19:53 UTC] デバッグ：ループ3
[10-Oct-2021 01:19:53 UTC] デバッグ：obstacleの判定です
[10-Oct-2021 01:19:53 UTC] デバッグ：ループ3
[10-Oct-2021 01:19:53 UTC] デバッグ：if_planの判定です
[10-Oct-2021 01:19:53 UTC] デバッグ：ループ3
[10-Oct-2021 01:19:59 UTC] デバッグ：「「「「「「「「「「「「「「「「「「「「「「「「
[10-Oct-2021 01:19:59 UTC] デバッグ： マイページ
[10-Oct-2021 01:19:59 UTC] デバッグ：「「「「「「「「「「「「「「「「「「「「「「「「
[10-Oct-2021 01:19:59 UTC] デバッグ：-------ログインチェック関数-----------
[10-Oct-2021 01:19:59 UTC] デバッグ：$_SESSIONの中身：Array
(
    [user_id] => 17
    [login_limit] => 3600
    [login_date] => 1633828793
)

[10-Oct-2021 01:19:59 UTC] デバッグ：ログイン済みユーザーです
[10-Oct-2021 01:19:59 UTC] デバッグ：セッションは有効期限内です
[10-Oct-2021 01:19:59 UTC] デバッグ：クエリ成功
[10-Oct-2021 01:19:59 UTC] デバッグ：成功したSQL：PDOStatement Object
(
    [queryString] => SELECT h.id,h.habit,h.obstacle,h.if_plan,c.name AS category_name FROM habits
    AS h LEFT JOIN category AS c ON h.category_id = c.id
    WHERE user_id=:u_id AND h.delete_flg=0
)

[10-Oct-2021 01:20:10 UTC] デバッグ：「「「「「「「「「「「「「「「「「「「「「「「「
[10-Oct-2021 01:20:10 UTC] デバッグ： 習慣の記録と進捗状況の確認ページ
[10-Oct-2021 01:20:10 UTC] デバッグ：「「「「「「「「「「「「「「「「「「「「「「「「
[10-Oct-2021 01:20:10 UTC] デバッグ：-------ログインチェック関数-----------
[10-Oct-2021 01:20:10 UTC] デバッグ：$_SESSIONの中身：Array
(
    [user_id] => 17
    [login_limit] => 3600
    [login_date] => 1633828799
)

[10-Oct-2021 01:20:10 UTC] デバッグ：ログイン済みユーザーです
[10-Oct-2021 01:20:10 UTC] デバッグ：セッションは有効期限内です
[10-Oct-2021 01:20:10 UTC] デバッグ：表示する習慣の基本データをDBから取得します
[10-Oct-2021 01:20:10 UTC] デバッグ：SQLに入れるデータArray
(
    [:h_id] => 177
)

[10-Oct-2021 01:20:10 UTC] デバッグ：クエリ成功
[10-Oct-2021 01:20:10 UTC] デバッグ：成功したSQL：PDOStatement Object
(
    [queryString] => SELECT h.id,h.habit,h.obstacle,h.if_plan,c.name AS category_name 
    FROM habits AS h LEFT JOIN category AS c ON h.category_id =c.id 
    WHERE h.id=:h_id AND h.delete_flg=0
)

[10-Oct-2021 01:20:10 UTC] デバッグ：取得した習慣：Array
(
    [id] => 177
    [habit] => 毎日、水風呂に入る
    [obstacle] => 疲れている、時間がない
    [if_plan] => どうしても入りたくない時は、冷たいシャワーを浴びる
    [category_name] => 運動
)

[10-Oct-2021 01:20:10 UTC] デバッグ：表示する習慣のデータをDBから取得します
[10-Oct-2021 01:20:10 UTC] デバッグ：SQLに入れるデータArray
(
    [:h_id] => 177
)

[10-Oct-2021 01:20:10 UTC] デバッグ：クエリ成功
[10-Oct-2021 01:20:10 UTC] デバッグ：成功したSQL：PDOStatement Object
(
    [queryString] => SELECT h.id,h.habit,h.obstacle,h.if_plan,r.achievement,
    r.comment,r.date FROM habits AS h LEFT JOIN record AS r
    ON h.id=r.habit_id WHERE h.id=:h_id AND h.delete_flg=0 AND r.delete_flg=0
    ORDER BY r.date DESC
)

[10-Oct-2021 01:20:10 UTC] デバッグ：取得した習慣の進歩状況：Array
(
)

[10-Oct-2021 01:20:10 UTC] デバッグ：クエリ成功
[10-Oct-2021 01:20:10 UTC] デバッグ：成功したSQL：PDOStatement Object
(
    [queryString] => SELECT id FROM habits WHERE id=:h_id AND user_id=:u_id AND 
    delete_flg=0
)

[10-Oct-2021 01:20:10 UTC] デバッグ：この習慣はユーザーが登録したものです
[10-Oct-2021 01:20:10 UTC] デバッグ：テスト-------------------------
[10-Oct-2021 01:20:10 UTC] デバッグ：カレンダーを生成します
[10-Oct-2021 01:20:10 UTC] デバッグ：h_idのパラメータを付けます
[10-Oct-2021 01:20:17 UTC] デバッグ：「「「「「「「「「「「「「「「「「「「「「「「「
[10-Oct-2021 01:20:17 UTC] デバッグ： Ajax
[10-Oct-2021 01:20:17 UTC] デバッグ：「「「「「「「「「「「「「「「「「「「「「「「「
[10-Oct-2021 01:20:17 UTC] デバッグ：post送信があります
[10-Oct-2021 01:20:17 UTC] デバッグ：$dateの値：2021-10-08
[10-Oct-2021 01:20:17 UTC] デバッグ：クエリ成功
[10-Oct-2021 01:20:17 UTC] デバッグ：成功したSQL：PDOStatement Object
(
    [queryString] => SELECT id FROM record WHERE habit_id=:h_id AND 
        date=:h_date AND delete_flg=0
)

[10-Oct-2021 01:20:17 UTC] デバッグ：その日付のデータはまだありません
[10-Oct-2021 01:20:17 UTC] デバッグ：日付データあり
[10-Oct-2021 01:20:19 UTC] デバッグ：「「「「「「「「「「「「「「「「「「「「「「「「
[10-Oct-2021 01:20:19 UTC] デバッグ： 習慣の記録と進捗状況の確認ページ
[10-Oct-2021 01:20:19 UTC] デバッグ：「「「「「「「「「「「「「「「「「「「「「「「「
[10-Oct-2021 01:20:19 UTC] デバッグ：-------ログインチェック関数-----------
[10-Oct-2021 01:20:19 UTC] デバッグ：$_SESSIONの中身：Array
(
    [user_id] => 17
    [login_limit] => 3600
    [login_date] => 1633828810
    [h_id] => 177
)

[10-Oct-2021 01:20:19 UTC] デバッグ：ログイン済みユーザーです
[10-Oct-2021 01:20:19 UTC] デバッグ：セッションは有効期限内です
[10-Oct-2021 01:20:19 UTC] デバッグ：表示する習慣の基本データをDBから取得します
[10-Oct-2021 01:20:19 UTC] デバッグ：SQLに入れるデータArray
(
    [:h_id] => 177
)

[10-Oct-2021 01:20:19 UTC] デバッグ：クエリ成功
[10-Oct-2021 01:20:19 UTC] デバッグ：成功したSQL：PDOStatement Object
(
    [queryString] => SELECT h.id,h.habit,h.obstacle,h.if_plan,c.name AS category_name 
    FROM habits AS h LEFT JOIN category AS c ON h.category_id =c.id 
    WHERE h.id=:h_id AND h.delete_flg=0
)

[10-Oct-2021 01:20:19 UTC] デバッグ：取得した習慣：Array
(
    [id] => 177
    [habit] => 毎日、水風呂に入る
    [obstacle] => 疲れている、時間がない
    [if_plan] => どうしても入りたくない時は、冷たいシャワーを浴びる
    [category_name] => 運動
)

[10-Oct-2021 01:20:19 UTC] デバッグ：表示する習慣のデータをDBから取得します
[10-Oct-2021 01:20:19 UTC] デバッグ：SQLに入れるデータArray
(
    [:h_id] => 177
)

[10-Oct-2021 01:20:19 UTC] デバッグ：クエリ成功
[10-Oct-2021 01:20:19 UTC] デバッグ：成功したSQL：PDOStatement Object
(
    [queryString] => SELECT h.id,h.habit,h.obstacle,h.if_plan,r.achievement,
    r.comment,r.date FROM habits AS h LEFT JOIN record AS r
    ON h.id=r.habit_id WHERE h.id=:h_id AND h.delete_flg=0 AND r.delete_flg=0
    ORDER BY r.date DESC
)

[10-Oct-2021 01:20:19 UTC] デバッグ：取得した習慣の進歩状況：Array
(
)

[10-Oct-2021 01:20:19 UTC] デバッグ：クエリ成功
[10-Oct-2021 01:20:19 UTC] デバッグ：成功したSQL：PDOStatement Object
(
    [queryString] => SELECT id FROM habits WHERE id=:h_id AND user_id=:u_id AND 
    delete_flg=0
)

[10-Oct-2021 01:20:19 UTC] デバッグ：この習慣はユーザーが登録したものです
[10-Oct-2021 01:20:19 UTC] デバッグ：post送信があります
[10-Oct-2021 01:20:19 UTC] デバッグ：$_POSTの中身：Array
(
    [record_date] => 2021-10-08
    [record_achieve] => 0
    [record_comment] => 
)

[10-Oct-2021 01:20:19 UTC] デバッグ：バリデーションチェックOKです
[10-Oct-2021 01:20:19 UTC] デバッグ：クエリ成功
[10-Oct-2021 01:20:19 UTC] デバッグ：成功したSQL：PDOStatement Object
(
    [queryString] => INSERT INTO record 
             (habit_id,achievement,comment,date,create_date,delete_flg)
             VALUES (:h_id,:achievement,:comment,:date,:create_date,:delete_flg)
)

[10-Oct-2021 01:20:19 UTC] デバッグ：h_idのパラメータを付けます
[10-Oct-2021 01:20:19 UTC] デバッグ：「「「「「「「「「「「「「「「「「「「「「「「「
[10-Oct-2021 01:20:19 UTC] デバッグ： 習慣の記録と進捗状況の確認ページ
[10-Oct-2021 01:20:19 UTC] デバッグ：「「「「「「「「「「「「「「「「「「「「「「「「
[10-Oct-2021 01:20:19 UTC] デバッグ：-------ログインチェック関数-----------
[10-Oct-2021 01:20:19 UTC] デバッグ：$_SESSIONの中身：Array
(
    [user_id] => 17
    [login_limit] => 3600
    [login_date] => 1633828819
    [h_id] => 177
    [suc_msg] => 記録の更新に成功しました。お疲れ様です!!
)

[10-Oct-2021 01:20:19 UTC] デバッグ：ログイン済みユーザーです
[10-Oct-2021 01:20:19 UTC] デバッグ：セッションは有効期限内です
[10-Oct-2021 01:20:19 UTC] デバッグ：表示する習慣の基本データをDBから取得します
[10-Oct-2021 01:20:19 UTC] デバッグ：SQLに入れるデータArray
(
    [:h_id] => 177
)

[10-Oct-2021 01:20:19 UTC] デバッグ：クエリ成功
[10-Oct-2021 01:20:19 UTC] デバッグ：成功したSQL：PDOStatement Object
(
    [queryString] => SELECT h.id,h.habit,h.obstacle,h.if_plan,c.name AS category_name 
    FROM habits AS h LEFT JOIN category AS c ON h.category_id =c.id 
    WHERE h.id=:h_id AND h.delete_flg=0
)

[10-Oct-2021 01:20:19 UTC] デバッグ：取得した習慣：Array
(
    [id] => 177
    [habit] => 毎日、水風呂に入る
    [obstacle] => 疲れている、時間がない
    [if_plan] => どうしても入りたくない時は、冷たいシャワーを浴びる
    [category_name] => 運動
)

[10-Oct-2021 01:20:19 UTC] デバッグ：表示する習慣のデータをDBから取得します
[10-Oct-2021 01:20:19 UTC] デバッグ：SQLに入れるデータArray
(
    [:h_id] => 177
)

[10-Oct-2021 01:20:19 UTC] デバッグ：クエリ成功
[10-Oct-2021 01:20:19 UTC] デバッグ：成功したSQL：PDOStatement Object
(
    [queryString] => SELECT h.id,h.habit,h.obstacle,h.if_plan,r.achievement,
    r.comment,r.date FROM habits AS h LEFT JOIN record AS r
    ON h.id=r.habit_id WHERE h.id=:h_id AND h.delete_flg=0 AND r.delete_flg=0
    ORDER BY r.date DESC
)

[10-Oct-2021 01:20:19 UTC] デバッグ：取得した習慣の進歩状況：Array
(
    [0] => Array
        (
            [id] => 177
            [habit] => 毎日、水風呂に入る
            [obstacle] => 疲れている、時間がない
            [if_plan] => どうしても入りたくない時は、冷たいシャワーを浴びる
            [achievement] => 0
            [comment] => 
            [date] => 2021-10-08
        )

)

[10-Oct-2021 01:20:19 UTC] デバッグ：クエリ成功
[10-Oct-2021 01:20:19 UTC] デバッグ：成功したSQL：PDOStatement Object
(
    [queryString] => SELECT id FROM habits WHERE id=:h_id AND user_id=:u_id AND 
    delete_flg=0
)

[10-Oct-2021 01:20:19 UTC] デバッグ：この習慣はユーザーが登録したものです
[10-Oct-2021 01:20:19 UTC] デバッグ：テスト-------------------------
[10-Oct-2021 01:20:19 UTC] デバッグ：カレンダーを生成します
[10-Oct-2021 01:20:19 UTC] デバッグ：h_idのパラメータを付けます
[10-Oct-2021 01:20:24 UTC] デバッグ：「「「「「「「「「「「「「「「「「「「「「「「「
[10-Oct-2021 01:20:24 UTC] デバッグ： 習慣の記録と進捗状況の確認ページ
[10-Oct-2021 01:20:24 UTC] デバッグ：「「「「「「「「「「「「「「「「「「「「「「「「
[10-Oct-2021 01:20:24 UTC] デバッグ：-------ログインチェック関数-----------
[10-Oct-2021 01:20:24 UTC] デバッグ：$_SESSIONの中身：Array
(
    [user_id] => 17
    [login_limit] => 3600
    [login_date] => 1633828819
    [h_id] => 177
)

[10-Oct-2021 01:20:24 UTC] デバッグ：ログイン済みユーザーです
[10-Oct-2021 01:20:24 UTC] デバッグ：セッションは有効期限内です
[10-Oct-2021 01:20:24 UTC] デバッグ：表示する習慣の基本データをDBから取得します
[10-Oct-2021 01:20:24 UTC] デバッグ：SQLに入れるデータArray
(
    [:h_id] => 177
)

[10-Oct-2021 01:20:24 UTC] デバッグ：クエリ成功
[10-Oct-2021 01:20:24 UTC] デバッグ：成功したSQL：PDOStatement Object
(
    [queryString] => SELECT h.id,h.habit,h.obstacle,h.if_plan,c.name AS category_name 
    FROM habits AS h LEFT JOIN category AS c ON h.category_id =c.id 
    WHERE h.id=:h_id AND h.delete_flg=0
)

[10-Oct-2021 01:20:24 UTC] デバッグ：取得した習慣：Array
(
    [id] => 177
    [habit] => 毎日、水風呂に入る
    [obstacle] => 疲れている、時間がない
    [if_plan] => どうしても入りたくない時は、冷たいシャワーを浴びる
    [category_name] => 運動
)

[10-Oct-2021 01:20:24 UTC] デバッグ：表示する習慣のデータをDBから取得します
[10-Oct-2021 01:20:24 UTC] デバッグ：SQLに入れるデータArray
(
    [:h_id] => 177
)

[10-Oct-2021 01:20:24 UTC] デバッグ：クエリ成功
[10-Oct-2021 01:20:24 UTC] デバッグ：成功したSQL：PDOStatement Object
(
    [queryString] => SELECT h.id,h.habit,h.obstacle,h.if_plan,r.achievement,
    r.comment,r.date FROM habits AS h LEFT JOIN record AS r
    ON h.id=r.habit_id WHERE h.id=:h_id AND h.delete_flg=0 AND r.delete_flg=0
    ORDER BY r.date DESC
)

[10-Oct-2021 01:20:24 UTC] デバッグ：取得した習慣の進歩状況：Array
(
    [0] => Array
        (
            [id] => 177
            [habit] => 毎日、水風呂に入る
            [obstacle] => 疲れている、時間がない
            [if_plan] => どうしても入りたくない時は、冷たいシャワーを浴びる
            [achievement] => 0
            [comment] => 
            [date] => 2021-10-08
        )

)

[10-Oct-2021 01:20:24 UTC] デバッグ：クエリ成功
[10-Oct-2021 01:20:24 UTC] デバッグ：成功したSQL：PDOStatement Object
(
    [queryString] => SELECT id FROM habits WHERE id=:h_id AND user_id=:u_id AND 
    delete_flg=0
)

[10-Oct-2021 01:20:24 UTC] デバッグ：この習慣はユーザーが登録したものです
[10-Oct-2021 01:20:24 UTC] デバッグ：テスト-------------------------
[10-Oct-2021 01:20:24 UTC] デバッグ：カレンダーを生成します
[10-Oct-2021 01:20:24 UTC] デバッグ：h_idのパラメータを付けます
[10-Oct-2021 01:20:39 UTC] デバッグ：「「「「「「「「「「「「「「「「「「「「「「「「
[10-Oct-2021 01:20:39 UTC] デバッグ： パスワード変更ページ
[10-Oct-2021 01:20:39 UTC] デバッグ：「「「「「「「「「「「「「「「「「「「「「「「「
[10-Oct-2021 01:20:39 UTC] デバッグ：---------デバッグログ関数----------
[10-Oct-2021 01:20:39 UTC] デバッグ：$_SESSIONの中身：Array
(
    [user_id] => 17
    [login_limit] => 3600
    [login_date] => 1633828824
    [h_id] => 177
)

[10-Oct-2021 01:20:39 UTC] デバッグ：-------ログインチェック関数-----------
[10-Oct-2021 01:20:39 UTC] デバッグ：$_SESSIONの中身：Array
(
    [user_id] => 17
    [login_limit] => 3600
    [login_date] => 1633828824
    [h_id] => 177
)

[10-Oct-2021 01:20:39 UTC] デバッグ：ログイン済みユーザーです
[10-Oct-2021 01:20:39 UTC] デバッグ：セッションは有効期限内です
[10-Oct-2021 01:20:47 UTC] デバッグ：「「「「「「「「「「「「「「「「「「「「「「「「
[10-Oct-2021 01:20:47 UTC] デバッグ： パスワード変更ページ
[10-Oct-2021 01:20:47 UTC] デバッグ：「「「「「「「「「「「「「「「「「「「「「「「「
[10-Oct-2021 01:20:47 UTC] デバッグ：---------デバッグログ関数----------
[10-Oct-2021 01:20:47 UTC] デバッグ：$_SESSIONの中身：Array
(
    [user_id] => 17
    [login_limit] => 3600
    [login_date] => 1633828839
    [h_id] => 177
)

[10-Oct-2021 01:20:47 UTC] デバッグ：-------ログインチェック関数-----------
[10-Oct-2021 01:20:47 UTC] デバッグ：$_SESSIONの中身：Array
(
    [user_id] => 17
    [login_limit] => 3600
    [login_date] => 1633828839
    [h_id] => 177
)

[10-Oct-2021 01:20:47 UTC] デバッグ：ログイン済みユーザーです
[10-Oct-2021 01:20:47 UTC] デバッグ：セッションは有効期限内です
[10-Oct-2021 01:20:47 UTC] デバッグ：post送信があります
[10-Oct-2021 01:20:47 UTC] デバッグ：$_POSTの中身：Array
(
    [old_pass] => red123
    [new_pass] => red456
    [retype_new_pass] => red456
)

[10-Oct-2021 01:20:47 UTC] デバッグ：クエリ成功
[10-Oct-2021 01:20:47 UTC] デバッグ：成功したSQL：PDOStatement Object
(
    [queryString] => SELECT id,password FROM users WHERE id=:id AND delete_flg=0
)

[10-Oct-2021 01:20:47 UTC] デバッグ：$stmtの中身：PDOStatement Object
(
    [queryString] => SELECT id,password FROM users WHERE id=:id AND delete_flg=0
)

[10-Oct-2021 01:20:47 UTC] デバッグ：$resultの中身：Array
(
    [id] => 17
    [password] => $2y$10$W1sxHz62L7W/wY0uSjHNkedDfyWrViWMzINnrSJIvKpn45nwW63Bi
)

[10-Oct-2021 01:20:48 UTC] デバッグ：古いパスワードがDBとマッチしました
[10-Oct-2021 01:20:48 UTC] デバッグ：クエリ成功
[10-Oct-2021 01:20:48 UTC] デバッグ：成功したSQL：PDOStatement Object
(
    [queryString] => UPDATE `users` SET `password`=:pass WHERE `id`=:id
)

[10-Oct-2021 01:20:48 UTC] デバッグ：$stmtの中身：PDOStatement Object
(
    [queryString] => UPDATE `users` SET `password`=:pass WHERE `id`=:id
)

[10-Oct-2021 01:20:48 UTC] デバッグ：パスワードの変更完了。$_SESSIONの中身：Array
(
    [user_id] => 17
    [login_limit] => 3600
    [login_date] => 1633828847
    [h_id] => 177
    [suc_msg] => パスワードの変更が完了しました
)

[10-Oct-2021 01:20:48 UTC] デバッグ：「「「「「「「「「「「「「「「「「「「「「「「「
[10-Oct-2021 01:20:48 UTC] デバッグ： マイページ
[10-Oct-2021 01:20:48 UTC] デバッグ：「「「「「「「「「「「「「「「「「「「「「「「「
[10-Oct-2021 01:20:48 UTC] デバッグ：-------ログインチェック関数-----------
[10-Oct-2021 01:20:48 UTC] デバッグ：$_SESSIONの中身：Array
(
    [user_id] => 17
    [login_limit] => 3600
    [login_date] => 1633828847
    [h_id] => 177
    [suc_msg] => パスワードの変更が完了しました
)

[10-Oct-2021 01:20:48 UTC] デバッグ：ログイン済みユーザーです
[10-Oct-2021 01:20:48 UTC] デバッグ：セッションは有効期限内です
[10-Oct-2021 01:20:48 UTC] デバッグ：クエリ成功
[10-Oct-2021 01:20:48 UTC] デバッグ：成功したSQL：PDOStatement Object
(
    [queryString] => SELECT h.id,h.habit,h.obstacle,h.if_plan,c.name AS category_name FROM habits
    AS h LEFT JOIN category AS c ON h.category_id = c.id
    WHERE user_id=:u_id AND h.delete_flg=0
)

[10-Oct-2021 01:20:54 UTC] デバッグ：-------ログインチェック関数-----------
[10-Oct-2021 01:20:54 UTC] デバッグ：$_SESSIONの中身：Array
(
)

[10-Oct-2021 01:20:54 UTC] デバッグ：このユーザーはログインしていません
[10-Oct-2021 01:20:54 UTC] デバッグ：「「「「「「「「「「「「「「「「「「「「「「「「
[10-Oct-2021 01:20:54 UTC] デバッグ：ログインページ
[10-Oct-2021 01:20:54 UTC] デバッグ：「「「「「「「「「「「「「「「「「「「「「「「「
[10-Oct-2021 01:20:54 UTC] デバッグ：-------ログインチェック関数-----------
[10-Oct-2021 01:20:54 UTC] デバッグ：$_SESSIONの中身：Array
(
)

[10-Oct-2021 01:20:54 UTC] デバッグ：このユーザーはログインしていません
[10-Oct-2021 01:21:01 UTC] デバッグ：「「「「「「「「「「「「「「「「「「「「「「「「
[10-Oct-2021 01:21:01 UTC] デバッグ：ログインページ
[10-Oct-2021 01:21:01 UTC] デバッグ：「「「「「「「「「「「「「「「「「「「「「「「「
[10-Oct-2021 01:21:01 UTC] デバッグ：-------ログインチェック関数-----------
[10-Oct-2021 01:21:01 UTC] デバッグ：$_SESSIONの中身：Array
(
)

[10-Oct-2021 01:21:01 UTC] デバッグ：このユーザーはログインしていません
[10-Oct-2021 01:21:01 UTC] デバッグ：post送信があります
[10-Oct-2021 01:21:01 UTC] デバッグ：$_POST送信の中身：Array
(
    [email] => red@outlook.jp
    [pass] => red123
)

[10-Oct-2021 01:21:01 UTC] デバッグ：バリデーションチェックOKです
[10-Oct-2021 01:21:01 UTC] デバッグ：クエリ成功
[10-Oct-2021 01:21:01 UTC] デバッグ：成功したSQL：PDOStatement Object
(
    [queryString] => SELECT password,id FROM users WHERE email=:email AND delete_flg = 0
)

[10-Oct-2021 01:21:01 UTC] デバッグ：クエリ結果の中身：Array
(
    [password] => $2y$10$0qctqDShJsHtT4q4Le/bu.QCdiopXH/Vcdmrtwc8/VpM498Ha5YGS
    [id] => 17
)

[10-Oct-2021 01:21:01 UTC] デバッグ：$err_msgの中身：Array
(
    [pass] => メールアドレスまたはパスワードが間違っています
)

[10-Oct-2021 01:21:04 UTC] デバッグ：「「「「「「「「「「「「「「「「「「「「「「「「
[10-Oct-2021 01:21:04 UTC] デバッグ：ログインページ
[10-Oct-2021 01:21:04 UTC] デバッグ：「「「「「「「「「「「「「「「「「「「「「「「「
[10-Oct-2021 01:21:04 UTC] デバッグ：-------ログインチェック関数-----------
[10-Oct-2021 01:21:04 UTC] デバッグ：$_SESSIONの中身：Array
(
)

[10-Oct-2021 01:21:04 UTC] デバッグ：このユーザーはログインしていません
[10-Oct-2021 01:21:04 UTC] デバッグ：post送信があります
[10-Oct-2021 01:21:04 UTC] デバッグ：$_POST送信の中身：Array
(
    [email] => red@outlook.jp
    [pass] => red456
)

[10-Oct-2021 01:21:04 UTC] デバッグ：バリデーションチェックOKです
[10-Oct-2021 01:21:04 UTC] デバッグ：クエリ成功
[10-Oct-2021 01:21:04 UTC] デバッグ：成功したSQL：PDOStatement Object
(
    [queryString] => SELECT password,id FROM users WHERE email=:email AND delete_flg = 0
)

[10-Oct-2021 01:21:04 UTC] デバッグ：クエリ結果の中身：Array
(
    [password] => $2y$10$0qctqDShJsHtT4q4Le/bu.QCdiopXH/Vcdmrtwc8/VpM498Ha5YGS
    [id] => 17
)

[10-Oct-2021 01:21:05 UTC] デバッグ：パスワードがマッチしました
[10-Oct-2021 01:21:05 UTC] デバッグ：$err_msgの中身：Array
(
)

[10-Oct-2021 01:21:05 UTC] デバッグ：「「「「「「「「「「「「「「「「「「「「「「「「
[10-Oct-2021 01:21:05 UTC] デバッグ： マイページ
[10-Oct-2021 01:21:05 UTC] デバッグ：「「「「「「「「「「「「「「「「「「「「「「「「
[10-Oct-2021 01:21:05 UTC] デバッグ：-------ログインチェック関数-----------
[10-Oct-2021 01:21:05 UTC] デバッグ：$_SESSIONの中身：Array
(
    [user_id] => 17
    [login_limit] => 3600
    [login_date] => 1633828865
)

[10-Oct-2021 01:21:05 UTC] デバッグ：ログイン済みユーザーです
[10-Oct-2021 01:21:05 UTC] デバッグ：セッションは有効期限内です
[10-Oct-2021 01:21:05 UTC] デバッグ：クエリ成功
[10-Oct-2021 01:21:05 UTC] デバッグ：成功したSQL：PDOStatement Object
(
    [queryString] => SELECT h.id,h.habit,h.obstacle,h.if_plan,c.name AS category_name FROM habits
    AS h LEFT JOIN category AS c ON h.category_id = c.id
    WHERE user_id=:u_id AND h.delete_flg=0
)

[10-Oct-2021 01:21:13 UTC] デバッグ：「「「「「「「「「「「「「「「「「「「「「「「「
[10-Oct-2021 01:21:13 UTC] デバッグ： 検索画面
[10-Oct-2021 01:21:13 UTC] デバッグ：「「「「「「「「「「「「「「「「「「「「「「「「
[10-Oct-2021 01:21:13 UTC] デバッグ：$_GETの値：Array
(
)

[10-Oct-2021 01:21:13 UTC] デバッグ：-------ログインチェック関数-----------
[10-Oct-2021 01:21:13 UTC] デバッグ：$_SESSIONの中身：Array
(
    [user_id] => 17
    [login_limit] => 3600
    [login_date] => 1633828865
)

[10-Oct-2021 01:21:13 UTC] デバッグ：ログイン済みユーザーです
[10-Oct-2021 01:21:13 UTC] デバッグ：セッションは有効期限内です
[10-Oct-2021 01:21:13 UTC] デバッグ：SQL:SELECT id,name FROM category WHERE 
    delete_flg=0
[10-Oct-2021 01:21:13 UTC] デバッグ：クエリ成功
[10-Oct-2021 01:21:13 UTC] デバッグ：成功したSQL：PDOStatement Object
(
    [queryString] => SELECT id,name FROM category WHERE 
    delete_flg=0
)

[10-Oct-2021 01:21:13 UTC] デバッグ：$category_listの中身Array
(
    [0] => Array
        (
            [id] => 1
            [name] => 運動
        )

    [1] => Array
        (
            [id] => 2
            [name] => 食事
        )

    [2] => Array
        (
            [id] => 3
            [name] => 睡眠
        )

    [3] => Array
        (
            [id] => 4
            [name] => 勉強
        )

    [4] => Array
        (
            [id] => 5
            [name] => 人間関係
        )

)

[10-Oct-2021 01:21:13 UTC] デバッグ：$category_list_for_habitsの値：Array
(
    [1] => 運動
    [2] => 食事
    [3] => 睡眠
    [4] => 勉強
    [5] => 人間関係
)

[10-Oct-2021 01:21:13 UTC] デバッグ：$time_sortの値：
[10-Oct-2021 01:21:13 UTC] デバッグ：$category_sortの値：
[10-Oct-2021 01:21:13 UTC] デバッグ：SQL:SELECT h.id FROM habits AS h LEFT JOIN 
    users AS u ON h.user_id = u.id 
    WHERE h.open_flg = 1 AND h.delete_flg=0
[10-Oct-2021 01:21:13 UTC] デバッグ：クエリ成功
[10-Oct-2021 01:21:13 UTC] デバッグ：成功したSQL：PDOStatement Object
(
    [queryString] => SELECT h.id FROM habits AS h LEFT JOIN 
    users AS u ON h.user_id = u.id 
    WHERE h.open_flg = 1 AND h.delete_flg=0
)

[10-Oct-2021 01:21:13 UTC] デバッグ：SQL:SELECT h.id,h.habit,h.category_id,h.obstacle,h.if_plan,u.name,u.pic
    FROM habits AS h LEFT JOIN users AS u ON h.user_id = u.id 
    WHERE h.open_flg = 1 AND h.delete_flg=0 LIMIT 10 OFFSET 0
[10-Oct-2021 01:21:13 UTC] デバッグ：クエリ成功
[10-Oct-2021 01:21:13 UTC] デバッグ：成功したSQL：PDOStatement Object
(
    [queryString] => SELECT h.id,h.habit,h.category_id,h.obstacle,h.if_plan,u.name,u.pic
    FROM habits AS h LEFT JOIN users AS u ON h.user_id = u.id 
    WHERE h.open_flg = 1 AND h.delete_flg=0 LIMIT 10 OFFSET 0
)

[10-Oct-2021 01:21:13 UTC] デバッグ：検索結果の中身：Array
(
    [0] => Array
        (
            [id] => 97
            [habit] => 人間関係の習慣その１
            [category_id] => 5
            [obstacle] => 人間関係の習慣その１あｑｆだｆれｗｄ
            [if_plan] => 人間関係の習慣その１ｆｒげｑｄｑ５ｒｔ４えｇｆｖｔｒｃ
            [name] => 猫です
            [pic] => uploads/36bb33f104cd83fb0afa36d0862056d6faa952b4.jpeg
        )

    [1] => Array
        (
            [id] => 98
            [habit] => 毎日3時間プログラミングをする
            [category_id] => 4
            [obstacle] => だるい
            [if_plan] => 頑張る
            [name] => 猫です
            [pic] => uploads/36bb33f104cd83fb0afa36d0862056d6faa952b4.jpeg
        )

    [2] => Array
        (
            [id] => 99
            [habit] => １０キロやせる
            [category_id] => 2
            [obstacle] => お菓子を食べたくなる
            [if_plan] => するめをかむ
            [name] => 猫です
            [pic] => uploads/36bb33f104cd83fb0afa36d0862056d6faa952b4.jpeg
        )

    [3] => Array
        (
            [id] => 100
            [habit] => 毎日3時間プログラミングをする
            [category_id] => 4
            [obstacle] => だるい
            [if_plan] => 頑張る
            [name] => 猫です
            [pic] => uploads/36bb33f104cd83fb0afa36d0862056d6faa952b4.jpeg
        )

    [4] => Array
        (
            [id] => 101
            [habit] => 人間関係の習慣その２
            [category_id] => 5
            [obstacle] => 人間関係の習慣その１あｑｆだｆれｗｄ
            [if_plan] => 人間関係の習慣その１ｆｒげｑｄｑ５ｒｔ４えｇｆｖｔｒｃ
            [name] => 猫です
            [pic] => uploads/36bb33f104cd83fb0afa36d0862056d6faa952b4.jpeg
        )

    [5] => Array
        (
            [id] => 102
            [habit] => 人間関係の習慣その２
            [category_id] => 5
            [obstacle] => 人間関係の習慣その１あｑｆだｆれｗｄ
            [if_plan] => 人間関係の習慣その１ｆｒげｑｄｑ５ｒｔ４えｇｆｖｔｒｃ
            [name] => 猫です
            [pic] => uploads/36bb33f104cd83fb0afa36d0862056d6faa952b4.jpeg
        )

    [6] => Array
        (
            [id] => 103
            [habit] => 毎日野菜を食べる
            [category_id] => 2
            [obstacle] => 野菜を食べたくないとき
            [if_plan] => 野菜ジュースをコップ１杯飲む
            [name] => 猫です
            [pic] => uploads/36bb33f104cd83fb0afa36d0862056d6faa952b4.jpeg
        )

    [7] => Array
        (
            [id] => 104
            [habit] => 毎日野菜を食べる2
            [category_id] => 2
            [obstacle] => 野菜を食べたくないとき2
            [if_plan] => 野菜ジュースをコップ１杯飲む2
            [name] => 猫です
            [pic] => uploads/36bb33f104cd83fb0afa36d0862056d6faa952b4.jpeg
        )

    [8] => Array
        (
            [id] => 105
            [habit] => 毎日3時間プログラミングをする23
            [category_id] => 4
            [obstacle] => だるい2
            [if_plan] => 頑張る2
            [name] => 猫です
            [pic] => uploads/36bb33f104cd83fb0afa36d0862056d6faa952b4.jpeg
        )

    [9] => Array
        (
            [id] => 106
            [habit] => 毎日3時間プログラミングをする23
            [category_id] => 4
            [obstacle] => だるい2
            [if_plan] => 頑張る2
            [name] => 猫です
            [pic] => uploads/36bb33f104cd83fb0afa36d0862056d6faa952b4.jpeg
        )

)

[10-Oct-2021 01:21:13 UTC] デバッグ：$totalPageの値：9
[10-Oct-2021 01:21:13 UTC] デバッグ：$currentaPageの値：1
[10-Oct-2021 01:21:13 UTC] デバッグ：time_sortの判定です
[10-Oct-2021 01:21:13 UTC] デバッグ：ループ5
[10-Oct-2021 01:21:13 UTC] デバッグ：time_sortの判定です
[10-Oct-2021 01:21:13 UTC] デバッグ：ループ5
[10-Oct-2021 01:21:13 UTC] デバッグ：time_sortの判定です
[10-Oct-2021 01:21:13 UTC] デバッグ：ループ5
[10-Oct-2021 01:21:13 UTC] デバッグ：ループ2
[10-Oct-2021 01:21:13 UTC] デバッグ：$pageing_info&Array
(
    [total_page] => 9
    [currentPage] => 1
    [minPageNum] => 1
    [maxPageNum] => 5
)

[10-Oct-2021 01:21:13 UTC] デバッグ：ページング:$_GETの中身：Array
(
    [p] => 1
)

[10-Oct-2021 01:21:13 UTC] デバッグ：ページング:$_GETの中身：Array
(
    [p] => 1
)

[10-Oct-2021 01:21:13 UTC] デバッグ：ページング:$_GETの中身：Array
(
    [p] => 1
)

[10-Oct-2021 01:21:13 UTC] デバッグ：ページング:$_GETの中身：Array
(
    [p] => 1
)

[10-Oct-2021 01:21:13 UTC] デバッグ：ページング:$_GETの中身：Array
(
    [p] => 1
)

